--------------------------------------out23012018_csv/interpKind_linear-Epsilon_0.0085-Lamb_2/--------------------------------------
--------------------------------------out23012018_csv/interpKind_linear-Epsilon_0.0085-Lamb_2/rqa_shape_3-file_RBA-3P_RBA-3P.csv--------------------------------------
min:  80.87
max:  102.768
lenTimeSeries =  199
191 ----------------------------------------------
[0.005235602094240838, 0, 0, 0, 0, 0, 0, 0, 0, 0, 0, 0]
--------------------------------------out23012018_csv/interpKind_linear-Epsilon_0.0085-Lamb_2/rqa_shape_3-file_RBA-6P_RBA-6P.csv--------------------------------------
--------------------------------------out23012018_csv/interpKind_linear-Epsilon_0.0085-Lamb_2/rqa_shape_3-file_RBA-12PST4_RBA-12PST4.csv--------------------------------------
--------------------------------------out23012018_csv/interpKind_linear-Epsilon_0.0085-Lamb_2/rqa_shape_3-file_RUBY-1X_RUBY-1X_1.csv--------------------------------------
--------------------------------------out23012018_csv/interpKind_linear-Epsilon_0.0085-Lamb_2/rqa_shape_3-file_RUBY-4X_RUBY-4X_1.csv--------------------------------------
min:  51.981
max:  90.389
lenTimeSeries =  199
191 ----------------------------------------------
[0.005235602094240838, 0, 0, 0, 0, 0, 0, 0, 0, 0, 0, 0]
--------------------------------------out23012018_csv/interpKind_linear-Epsilon_0.0085-Lamb_2/rqa_shape_3-file_TN-3X_TN-3X.csv--------------------------------------
min:  61.8549
max:  107.6582
lenTimeSeries =  199
191 ----------------------------------------------
[0.00660617855870179, 1.0, 1.0, 151.3734439834025, 7.0, 5.0, 8, 7, 0.125, 1.0986122886681096, 0, 0]
min:  72.9802
max:  93.698
lenTimeSeries =  199
191 ----------------------------------------------
[0.005235602094240838, 0, 0, 0, 0, 0, 0, 0, 0, 0, 0, 0]
min:  68.0611
max:  92.2504
lenTimeSeries =  199
191 ----------------------------------------------
[0.005235602094240838, 0, 0, 0, 0, 0, 0, 0, 0, 0, 0, 0]
--------------------------------------out23012018_csv/interpKind_linear-Epsilon_0.0085-Lamb_3/--------------------------------------
--------------------------------------out23012018_csv/interpKind_linear-Epsilon_0.0085-Lamb_3/rqa_shape_3-file_RBA-3P_RBA-3P.csv--------------------------------------
min:  80.87
max:  102.768
lenTimeSeries =  199
191 ----------------------------------------------
[0.005235602094240838, 0, 0, 0, 0, 0, 0, 0, 0, 0, 0, 0]
--------------------------------------out23012018_csv/interpKind_linear-Epsilon_0.0085-Lamb_3/rqa_shape_3-file_RBA-6P_RBA-6P.csv--------------------------------------
--------------------------------------out23012018_csv/interpKind_linear-Epsilon_0.0085-Lamb_3/rqa_shape_3-file_RBA-12PST4_RBA-12PST4.csv--------------------------------------
--------------------------------------out23012018_csv/interpKind_linear-Epsilon_0.0085-Lamb_3/rqa_shape_3-file_RUBY-1X_RUBY-1X_1.csv--------------------------------------
--------------------------------------out23012018_csv/interpKind_linear-Epsilon_0.0085-Lamb_3/rqa_shape_3-file_RUBY-4X_RUBY-4X_1.csv--------------------------------------
min:  51.981
max:  90.389
lenTimeSeries =  199
191 ----------------------------------------------
[0.005235602094240838, 0, 0, 0, 0, 0, 0, 0, 0, 0, 0, 0]
--------------------------------------out23012018_csv/interpKind_linear-Epsilon_0.0085-Lamb_3/rqa_shape_3-file_TN-3X_TN-3X.csv--------------------------------------
min:  61.8549
max:  107.6582
lenTimeSeries =  199
191 ----------------------------------------------
[0.00660617855870179, 1.0, 1.0, 151.3734439834025, 7.0, 5.0, 8, 7, 0.125, 1.0986122886681096, 0, 0]
min:  72.9802
max:  93.698
lenTimeSeries =  199
191 ----------------------------------------------
[0.005235602094240838, 0, 0, 0, 0, 0, 0, 0, 0, 0, 0, 0]
min:  68.0611
max:  92.2504
lenTimeSeries =  199
191 ----------------------------------------------
[0.005235602094240838, 0, 0, 0, 0, 0, 0, 0, 0, 0, 0, 0]
--------------------------------------out23012018_csv/interpKind_linear-Epsilon_0.005-Lamb_2/--------------------------------------
--------------------------------------out23012018_csv/interpKind_linear-Epsilon_0.005-Lamb_2/rqa_shape_3-file_RBA-3P_RBA-3P.csv--------------------------------------
min:  80.87
max:  102.768
lenTimeSeries =  199
191 ----------------------------------------------
[0.005235602094240838, 0, 0, 0, 0, 0, 0, 0, 0, 0, 0, 0]
--------------------------------------out23012018_csv/interpKind_linear-Epsilon_0.005-Lamb_2/rqa_shape_3-file_RBA-6P_RBA-6P.csv--------------------------------------
--------------------------------------out23012018_csv/interpKind_linear-Epsilon_0.005-Lamb_2/rqa_shape_3-file_RBA-12PST4_RBA-12PST4.csv--------------------------------------
--------------------------------------out23012018_csv/interpKind_linear-Epsilon_0.005-Lamb_2/rqa_shape_3-file_RUBY-1X_RUBY-1X_1.csv--------------------------------------
--------------------------------------out23012018_csv/interpKind_linear-Epsilon_0.005-Lamb_2/rqa_shape_3-file_RUBY-4X_RUBY-4X_1.csv--------------------------------------
min:  51.981
max:  90.389
lenTimeSeries =  199
191 ----------------------------------------------
[0.005235602094240838, 0, 0, 0, 0, 0, 0, 0, 0, 0, 0, 0]
--------------------------------------out23012018_csv/interpKind_linear-Epsilon_0.005-Lamb_2/rqa_shape_3-file_TN-3X_TN-3X.csv--------------------------------------
min:  61.8549
max:  107.6582
lenTimeSeries =  199
191 ----------------------------------------------
[0.0057838326800252185, 1.0, 1.0, 172.8957345971564, 8.0, 2.0, 8, 3, 0.125, 0.0, 0, 0]
min:  72.9802
max:  93.698
lenTimeSeries =  199
191 ----------------------------------------------
[0.005235602094240838, 0, 0, 0, 0, 0, 0, 0, 0, 0, 0, 0]
min:  68.0611
max:  92.2504
lenTimeSeries =  199
191 ----------------------------------------------
[0.005235602094240838, 0, 0, 0, 0, 0, 0, 0, 0, 0, 0, 0]
--------------------------------------out23012018_csv/interpKind_linear-Epsilon_0.005-Lamb_3/--------------------------------------
--------------------------------------out23012018_csv/interpKind_linear-Epsilon_0.005-Lamb_3/rqa_shape_3-file_RBA-3P_RBA-3P.csv--------------------------------------
min:  80.87
max:  102.768
lenTimeSeries =  199
191 ----------------------------------------------
[0.005235602094240838, 0, 0, 0, 0, 0, 0, 0, 0, 0, 0, 0]
--------------------------------------out23012018_csv/interpKind_linear-Epsilon_0.005-Lamb_3/rqa_shape_3-file_RBA-6P_RBA-6P.csv--------------------------------------
--------------------------------------out23012018_csv/interpKind_linear-Epsilon_0.005-Lamb_3/rqa_shape_3-file_RBA-12PST4_RBA-12PST4.csv--------------------------------------
--------------------------------------out23012018_csv/interpKind_linear-Epsilon_0.005-Lamb_3/rqa_shape_3-file_RUBY-1X_RUBY-1X_1.csv--------------------------------------
--------------------------------------out23012018_csv/interpKind_linear-Epsilon_0.005-Lamb_3/rqa_shape_3-file_RUBY-4X_RUBY-4X_1.csv--------------------------------------
min:  51.981
max:  90.389
lenTimeSeries =  199
191 ----------------------------------------------
[0.005235602094240838, 0, 0, 0, 0, 0, 0, 0, 0, 0, 0, 0]
--------------------------------------out23012018_csv/interpKind_linear-Epsilon_0.005-Lamb_3/rqa_shape_3-file_TN-3X_TN-3X.csv--------------------------------------
min:  61.8549
max:  107.6582
lenTimeSeries =  199
191 ----------------------------------------------
[0.0057838326800252185, 1.0, 0.9, 172.8957345971564, 8.0, 2.111111111111111, 8, 3, 0.125, 0.0, 0, 0]
min:  72.9802
max:  93.698
lenTimeSeries =  199
191 ----------------------------------------------
[0.005235602094240838, 0, 0, 0, 0, 0, 0, 0, 0, 0, 0, 0]
min:  68.0611
max:  92.2504
lenTimeSeries =  199
191 ----------------------------------------------
[0.005235602094240838, 0, 0, 0, 0, 0, 0, 0, 0, 0, 0, 0]
--------------------------------------out23012018_csv/interpKind_linear-Epsilon_0.08-Lamb_2/--------------------------------------
--------------------------------------out23012018_csv/interpKind_linear-Epsilon_0.08-Lamb_2/rqa_shape_3-file_RBA-3P_RBA-3P.csv--------------------------------------
min:  80.87
max:  102.768
lenTimeSeries =  199
191 ----------------------------------------------
[0.014116937583947808, 1.0, 1.0, 70.83689320388349, 11.307692307692308, 2.872340425531915, 35, 6, 0.02857142857142857, 1.9915093613566137, 79.53703703703704, 79.77777777777777]
--------------------------------------out23012018_csv/interpKind_linear-Epsilon_0.08-Lamb_2/rqa_shape_3-file_RBA-6P_RBA-6P.csv--------------------------------------
--------------------------------------out23012018_csv/interpKind_linear-Epsilon_0.08-Lamb_2/rqa_shape_3-file_RBA-12PST4_RBA-12PST4.csv--------------------------------------
--------------------------------------out23012018_csv/interpKind_linear-Epsilon_0.08-Lamb_2/rqa_shape_3-file_RUBY-1X_RUBY-1X_1.csv--------------------------------------
--------------------------------------out23012018_csv/interpKind_linear-Epsilon_0.08-Lamb_2/rqa_shape_3-file_RUBY-4X_RUBY-4X_1.csv--------------------------------------
min:  51.981
max:  90.389
lenTimeSeries =  199
191 ----------------------------------------------
[0.012527068885173104, 1.0, 1.0, 79.82713347921225, 7.1875, 2.5542168674698793, 17, 6, 0.058823529411764705, 2.1006789212792607, 115.0, 115.18518518518519]
--------------------------------------out23012018_csv/interpKind_linear-Epsilon_0.08-Lamb_2/rqa_shape_3-file_TN-3X_TN-3X.csv--------------------------------------
min:  61.8549
max:  107.6582
lenTimeSeries =  199
191 ----------------------------------------------
[0.03286642361777364, 1.0, 1.0, 30.426188490408673, 11.846153846153847, 7.027972027972028, 84, 18, 0.011904761904761904, 2.96135423205767, 3.3333333333333335, 11.333333333333334]
min:  72.9802
max:  93.698
lenTimeSeries =  199
191 ----------------------------------------------
[0.013294591705271237, 1.0, 1.0, 75.21855670103093, 10.23076923076923, 4.451612903225806, 30, 12, 0.03333333333333333, 2.098147389135067, 77.0, 77.0]
min:  68.0611
max:  92.2504
lenTimeSeries =  199
191 ----------------------------------------------
[0.01696773663002659, 1.0, 1.0, 58.93537964458804, 8.571428571428571, 2.4693877551020407, 46, 10, 0.021739130434782608, 2.080081380213867, 59.707692307692305, 60.84615384615385]
--------------------------------------out23012018_csv/interpKind_linear-Epsilon_0.08-Lamb_3/--------------------------------------
--------------------------------------out23012018_csv/interpKind_linear-Epsilon_0.08-Lamb_3/rqa_shape_3-file_RBA-3P_RBA-3P.csv--------------------------------------
min:  80.87
max:  102.768
lenTimeSeries =  199
191 ----------------------------------------------
[0.014116937583947808, 1.0, 0.7446808510638298, 70.83689320388349, 11.307692307692308, 3.5142857142857142, 35, 6, 0.02857142857142857, 1.9915093613566137, 79.53703703703704, 79.77777777777777]
--------------------------------------out23012018_csv/interpKind_linear-Epsilon_0.08-Lamb_3/rqa_shape_3-file_RBA-6P_RBA-6P.csv--------------------------------------
--------------------------------------out23012018_csv/interpKind_linear-Epsilon_0.08-Lamb_3/rqa_shape_3-file_RBA-12PST4_RBA-12PST4.csv--------------------------------------
--------------------------------------out23012018_csv/interpKind_linear-Epsilon_0.08-Lamb_3/rqa_shape_3-file_RUBY-1X_RUBY-1X_1.csv--------------------------------------
--------------------------------------out23012018_csv/interpKind_linear-Epsilon_0.08-Lamb_3/rqa_shape_3-file_RUBY-4X_RUBY-4X_1.csv--------------------------------------
min:  51.981
max:  90.389
lenTimeSeries =  199
191 ----------------------------------------------
[0.012527068885173104, 0.875, 0.7951807228915663, 69.84874179431073, 8.071428571428571, 2.9545454545454546, 17, 6, 0.058823529411764705, 1.9701814400260844, 115.0, 115.18518518518519]
--------------------------------------out23012018_csv/interpKind_linear-Epsilon_0.08-Lamb_3/rqa_shape_3-file_TN-3X_TN-3X.csv--------------------------------------
min:  61.8549
max:  107.6582
lenTimeSeries =  199
191 ----------------------------------------------
[0.03286642361777364, 0.9487179487179487, 0.9370629370629371, 28.865871131926177, 12.432432432432432, 7.432835820895522, 84, 18, 0.011904761904761904, 2.908220756220249, 3.3333333333333335, 11.333333333333334]
min:  72.9802
max:  93.698
lenTimeSeries =  199
191 ----------------------------------------------
[0.013294591705271237, 1.0, 0.8064516129032258, 75.21855670103093, 10.23076923076923, 5.28, 30, 12, 0.03333333333333333, 2.098147389135067, 77.0, 77.0]
min:  68.0611
max:  92.2504
lenTimeSeries =  199
191 ----------------------------------------------
[0.01696773663002659, 0.7619047619047619, 0.6530612244897959, 44.9031463958766, 10.9375, 3.25, 46, 10, 0.021739130434782608, 2.0097091818941455, 59.707692307692305, 60.84615384615385]
--------------------------------------out23012018_csv/interpKind_linear-Epsilon_0.05-Lamb_2/--------------------------------------
--------------------------------------out23012018_csv/interpKind_linear-Epsilon_0.05-Lamb_2/rqa_shape_3-file_RBA-3P_RBA-3P.csv--------------------------------------
min:  80.87
max:  102.768
lenTimeSeries =  199
191 ----------------------------------------------
[0.008524985608947122, 1.0, 1.0, 117.30225080385853, 8.666666666666666, 1.8181818181818181, 27, 2, 0.037037037037037035, 1.5607104090414063, 75.4, 75.4]
--------------------------------------out23012018_csv/interpKind_linear-Epsilon_0.05-Lamb_2/rqa_shape_3-file_RBA-6P_RBA-6P.csv--------------------------------------
--------------------------------------out23012018_csv/interpKind_linear-Epsilon_0.05-Lamb_2/rqa_shape_3-file_RBA-12PST4_RBA-12PST4.csv--------------------------------------
--------------------------------------out23012018_csv/interpKind_linear-Epsilon_0.05-Lamb_2/rqa_shape_3-file_RUBY-1X_RUBY-1X_1.csv--------------------------------------
--------------------------------------out23012018_csv/interpKind_linear-Epsilon_0.05-Lamb_2/rqa_shape_3-file_RUBY-4X_RUBY-4X_1.csv--------------------------------------
min:  51.981
max:  90.389
lenTimeSeries =  199
191 ----------------------------------------------
[0.008141224198898057, 1.0, 1.0, 122.83164983164983, 5.5, 2.1463414634146343, 10, 4, 0.1, 1.4941751382893085, 136.0, 136.0]
--------------------------------------out23012018_csv/interpKind_linear-Epsilon_0.05-Lamb_2/rqa_shape_3-file_TN-3X_TN-3X.csv--------------------------------------
min:  61.8549
max:  107.6582
lenTimeSeries =  199
191 ----------------------------------------------
[0.021463227433458514, 1.0, 1.0, 46.59131545338442, 9.535714285714286, 4.957983193277311, 38, 15, 0.02631578947368421, 2.750214000894922, 7.5, 10.5]
min:  72.9802
max:  93.698
lenTimeSeries =  199
191 ----------------------------------------------
[0.008799100901839314, 1.0, 1.0, 113.64797507788161, 10.8, 3.6470588235294117, 24, 7, 0.041666666666666664, 1.6094379124341005, 77.0, 77.0]
min:  68.0611
max:  92.2504
lenTimeSeries =  199
191 ----------------------------------------------
[0.009237685370466818, 1.0, 1.0, 108.25222551928785, 5.4, 2.4339622641509435, 21, 6, 0.047619047619047616, 1.7480673485460891, 60.529411764705884, 60.76470588235294]
--------------------------------------out23012018_csv/interpKind_linear-Epsilon_0.05-Lamb_3/--------------------------------------
--------------------------------------out23012018_csv/interpKind_linear-Epsilon_0.05-Lamb_3/rqa_shape_3-file_RBA-3P_RBA-3P.csv--------------------------------------
min:  80.87
max:  102.768
lenTimeSeries =  199
191 ----------------------------------------------
[0.008524985608947122, 0.8333333333333334, 0.8181818181818182, 97.75187566988211, 10.2, 2.0, 27, 2, 0.037037037037037035, 1.3321790402101223, 75.4, 75.4]
--------------------------------------out23012018_csv/interpKind_linear-Epsilon_0.05-Lamb_3/rqa_shape_3-file_RBA-6P_RBA-6P.csv--------------------------------------
--------------------------------------out23012018_csv/interpKind_linear-Epsilon_0.05-Lamb_3/rqa_shape_3-file_RBA-12PST4_RBA-12PST4.csv--------------------------------------
--------------------------------------out23012018_csv/interpKind_linear-Epsilon_0.05-Lamb_3/rqa_shape_3-file_RUBY-1X_RUBY-1X_1.csv--------------------------------------
--------------------------------------out23012018_csv/interpKind_linear-Epsilon_0.05-Lamb_3/rqa_shape_3-file_RUBY-4X_RUBY-4X_1.csv--------------------------------------
min:  51.981
max:  90.389
lenTimeSeries =  199
191 ----------------------------------------------
[0.008141224198898057, 0.875, 0.7804878048780488, 107.4776936026936, 6.142857142857143, 2.46875, 10, 4, 0.1, 1.277034259466139, 136.0, 136.0]
--------------------------------------out23012018_csv/interpKind_linear-Epsilon_0.05-Lamb_3/rqa_shape_3-file_TN-3X_TN-3X.csv--------------------------------------
min:  61.8549
max:  107.6582
lenTimeSeries =  199
191 ----------------------------------------------
[0.021463227433458514, 0.9285714285714286, 0.8991596638655462, 43.26336434957125, 10.192307692307692, 5.401869158878505, 38, 15, 0.02631578947368421, 2.6846565419165596, 7.5, 10.5]
min:  72.9802
max:  93.698
lenTimeSeries =  199
191 ----------------------------------------------
[0.008799100901839314, 0.8, 0.7352941176470589, 90.9183800623053, 13.25, 4.6, 24, 7, 0.041666666666666664, 1.3862943611198906, 77.0, 77.0]
min:  68.0611
max:  92.2504
lenTimeSeries =  199
191 ----------------------------------------------
[0.009237685370466818, 0.6, 0.5660377358490566, 64.9513353115727, 8.333333333333334, 3.533333333333333, 21, 6, 0.047619047619047616, 1.7917594692280547, 60.529411764705884, 60.76470588235294]
--------------------------------------out23012018_csv/interpKind_nearest-Epsilon_0.0085-Lamb_2/--------------------------------------
--------------------------------------out23012018_csv/interpKind_nearest-Epsilon_0.0085-Lamb_2/rqa_shape_3-file_RBA-3P_RBA-3P.csv--------------------------------------
min:  80.87
max:  102.768
lenTimeSeries =  199
191 ----------------------------------------------
[0.010279323483457142, 0, 1.0, 0, 0, 1.0, 0, 1, 0, 0, 0, 0]
--------------------------------------out23012018_csv/interpKind_nearest-Epsilon_0.0085-Lamb_2/rqa_shape_3-file_RBA-6P_RBA-6P.csv--------------------------------------
--------------------------------------out23012018_csv/interpKind_nearest-Epsilon_0.0085-Lamb_2/rqa_shape_3-file_RBA-12PST4_RBA-12PST4.csv--------------------------------------
--------------------------------------out23012018_csv/interpKind_nearest-Epsilon_0.0085-Lamb_2/rqa_shape_3-file_RUBY-1X_RUBY-1X_1.csv--------------------------------------
--------------------------------------out23012018_csv/interpKind_nearest-Epsilon_0.0085-Lamb_2/rqa_shape_3-file_RUBY-4X_RUBY-4X_1.csv--------------------------------------
min:  51.981
max:  90.389
lenTimeSeries =  199
191 ----------------------------------------------
[0.01060826183492777, 1.0, 1.0, 94.26614987080104, 2.5, 1.0594594594594595, 3, 4, 0.3333333333333333, 0.6931471805599453, 0, 0]
--------------------------------------out23012018_csv/interpKind_nearest-Epsilon_0.0085-Lamb_2/rqa_shape_3-file_TN-3X_TN-3X.csv--------------------------------------
min:  61.8549
max:  107.6582
lenTimeSeries =  199
191 ----------------------------------------------
[0.011924015240810285, 1.0, 1.0, 83.86436781609196, 4.5, 1.318918918918919, 7, 5, 0.14285714285714285, 1.5607104090414063, 0, 0]
min:  72.9802
max:  93.698
lenTimeSeries =  199
191 ----------------------------------------------
[0.010279323483457142, 0, 1.0, 0, 0, 1.0, 0, 1, 0, 0, 0, 0]
min:  68.0611
max:  92.2504
lenTimeSeries =  199
191 ----------------------------------------------
[0.011595076889339657, 1.0, 1.0, 86.2434988179669, 3.5, 1.2608695652173914, 6, 7, 0.16666666666666666, 1.7917594692280547, 0, 0]
--------------------------------------out23012018_csv/interpKind_nearest-Epsilon_0.0085-Lamb_3/--------------------------------------
--------------------------------------out23012018_csv/interpKind_nearest-Epsilon_0.0085-Lamb_3/rqa_shape_3-file_RBA-3P_RBA-3P.csv--------------------------------------
min:  80.87
max:  102.768
lenTimeSeries =  199
191 ----------------------------------------------
[0.010279323483457142, 0, 0, 0, 0, 0, 0, 1, 0, 0, 0, 0]
--------------------------------------out23012018_csv/interpKind_nearest-Epsilon_0.0085-Lamb_3/rqa_shape_3-file_RBA-6P_RBA-6P.csv--------------------------------------
--------------------------------------out23012018_csv/interpKind_nearest-Epsilon_0.0085-Lamb_3/rqa_shape_3-file_RBA-12PST4_RBA-12PST4.csv--------------------------------------
--------------------------------------out23012018_csv/interpKind_nearest-Epsilon_0.0085-Lamb_3/rqa_shape_3-file_RUBY-1X_RUBY-1X_1.csv--------------------------------------
--------------------------------------out23012018_csv/interpKind_nearest-Epsilon_0.0085-Lamb_3/rqa_shape_3-file_RUBY-4X_RUBY-4X_1.csv--------------------------------------
min:  51.981
max:  90.389
lenTimeSeries =  199
191 ----------------------------------------------
[0.01060826183492777, 1.0, 0.02702702702702703, 94.26614987080104, 2.5, 3.2, 3, 4, 0.3333333333333333, 0.6931471805599453, 0, 0]
--------------------------------------out23012018_csv/interpKind_nearest-Epsilon_0.0085-Lamb_3/rqa_shape_3-file_TN-3X_TN-3X.csv--------------------------------------
min:  61.8549
max:  107.6582
lenTimeSeries =  199
191 ----------------------------------------------
[0.011924015240810285, 0.8333333333333334, 0.11351351351351352, 69.88697318007664, 5.2, 3.8095238095238093, 7, 5, 0.14285714285714285, 1.3321790402101223, 0, 0]
min:  72.9802
max:  93.698
lenTimeSeries =  199
191 ----------------------------------------------
[0.010279323483457142, 0, 0, 0, 0, 0, 0, 1, 0, 0, 0, 0]
min:  68.0611
max:  92.2504
lenTimeSeries =  199
191 ----------------------------------------------
[0.011595076889339657, 0.8333333333333334, 0.043478260869565216, 71.86958234830576, 4.0, 7.0, 6, 7, 0.16666666666666666, 1.6094379124341005, 0, 0]
--------------------------------------out23012018_csv/interpKind_nearest-Epsilon_0.005-Lamb_2/--------------------------------------
--------------------------------------out23012018_csv/interpKind_nearest-Epsilon_0.005-Lamb_2/rqa_shape_3-file_RBA-3P_RBA-3P.csv--------------------------------------
min:  80.87
max:  102.768
lenTimeSeries =  199
191 ----------------------------------------------
[0.010279323483457142, 0, 1.0, 0, 0, 1.0, 0, 1, 0, 0, 0, 0]
--------------------------------------out23012018_csv/interpKind_nearest-Epsilon_0.005-Lamb_2/rqa_shape_3-file_RBA-6P_RBA-6P.csv--------------------------------------
--------------------------------------out23012018_csv/interpKind_nearest-Epsilon_0.005-Lamb_2/rqa_shape_3-file_RBA-12PST4_RBA-12PST4.csv--------------------------------------
--------------------------------------out23012018_csv/interpKind_nearest-Epsilon_0.005-Lamb_2/rqa_shape_3-file_RUBY-1X_RUBY-1X_1.csv--------------------------------------
--------------------------------------out23012018_csv/interpKind_nearest-Epsilon_0.005-Lamb_2/rqa_shape_3-file_RUBY-4X_RUBY-4X_1.csv--------------------------------------
min:  51.981
max:  90.389
lenTimeSeries =  199
191 ----------------------------------------------
[0.010279323483457142, 0, 1.0, 0, 0, 1.0, 0, 1, 0, 0, 0, 0]
--------------------------------------out23012018_csv/interpKind_nearest-Epsilon_0.005-Lamb_2/rqa_shape_3-file_TN-3X_TN-3X.csv--------------------------------------
min:  61.8549
max:  107.6582
lenTimeSeries =  199
191 ----------------------------------------------
[0.0109372001863984, 1.0, 1.0, 91.43107769423558, 5.5, 1.1304347826086956, 6, 5, 0.16666666666666666, 0.6931471805599453, 0, 0]
min:  72.9802
max:  93.698
lenTimeSeries =  199
191 ----------------------------------------------
[0.010279323483457142, 0, 1.0, 0, 0, 1.0, 0, 1, 0, 0, 0, 0]
min:  68.0611
max:  92.2504
lenTimeSeries =  199
191 ----------------------------------------------
[0.011375784655025903, 1.0, 1.0, 87.90602409638555, 4.5, 1.2173913043478262, 6, 7, 0.16666666666666666, 1.3862943611198906, 0, 0]
--------------------------------------out23012018_csv/interpKind_nearest-Epsilon_0.005-Lamb_3/--------------------------------------
--------------------------------------out23012018_csv/interpKind_nearest-Epsilon_0.005-Lamb_3/rqa_shape_3-file_RBA-3P_RBA-3P.csv--------------------------------------
min:  80.87
max:  102.768
lenTimeSeries =  199
191 ----------------------------------------------
[0.010279323483457142, 0, 0, 0, 0, 0, 0, 1, 0, 0, 0, 0]
--------------------------------------out23012018_csv/interpKind_nearest-Epsilon_0.005-Lamb_3/rqa_shape_3-file_RBA-6P_RBA-6P.csv--------------------------------------
--------------------------------------out23012018_csv/interpKind_nearest-Epsilon_0.005-Lamb_3/rqa_shape_3-file_RBA-12PST4_RBA-12PST4.csv--------------------------------------
--------------------------------------out23012018_csv/interpKind_nearest-Epsilon_0.005-Lamb_3/rqa_shape_3-file_RUBY-1X_RUBY-1X_1.csv--------------------------------------
--------------------------------------out23012018_csv/interpKind_nearest-Epsilon_0.005-Lamb_3/rqa_shape_3-file_RUBY-4X_RUBY-4X_1.csv--------------------------------------
min:  51.981
max:  90.389
lenTimeSeries =  199
191 ----------------------------------------------
[0.010279323483457142, 0, 0, 0, 0, 0, 0, 1, 0, 0, 0, 0]
--------------------------------------out23012018_csv/interpKind_nearest-Epsilon_0.005-Lamb_3/rqa_shape_3-file_TN-3X_TN-3X.csv--------------------------------------
min:  61.8549
max:  107.6582
lenTimeSeries =  199
191 ----------------------------------------------
[0.0109372001863984, 1.0, 0.043478260869565216, 91.43107769423558, 5.5, 4.0, 6, 5, 0.16666666666666666, 0.6931471805599453, 0, 0]
min:  72.9802
max:  93.698
lenTimeSeries =  199
191 ----------------------------------------------
[0.010279323483457142, 0, 0, 0, 0, 0, 0, 1, 0, 0, 0, 0]
min:  68.0611
max:  92.2504
lenTimeSeries =  199
191 ----------------------------------------------
[0.011375784655025903, 1.0, 0.043478260869565216, 87.90602409638555, 4.5, 6.0, 6, 7, 0.16666666666666666, 1.3862943611198906, 0, 0]
--------------------------------------out23012018_csv/interpKind_nearest-Epsilon_0.08-Lamb_2/--------------------------------------
--------------------------------------out23012018_csv/interpKind_nearest-Epsilon_0.08-Lamb_2/rqa_shape_3-file_RBA-3P_RBA-3P.csv--------------------------------------
min:  80.87
max:  102.768
lenTimeSeries =  199
191 ----------------------------------------------
[0.016858090512869715, 1.0, 1.0, 59.318699186991864, 5.833333333333333, 2.0964467005076144, 15, 5, 0.06666666666666667, 1.504077396776274, 89.45454545454545, 90.81818181818181]
--------------------------------------out23012018_csv/interpKind_nearest-Epsilon_0.08-Lamb_2/rqa_shape_3-file_RBA-6P_RBA-6P.csv--------------------------------------
--------------------------------------out23012018_csv/interpKind_nearest-Epsilon_0.08-Lamb_2/rqa_shape_3-file_RBA-12PST4_RBA-12PST4.csv--------------------------------------
--------------------------------------out23012018_csv/interpKind_nearest-Epsilon_0.08-Lamb_2/rqa_shape_3-file_RUBY-1X_RUBY-1X_1.csv--------------------------------------
--------------------------------------out23012018_csv/interpKind_nearest-Epsilon_0.08-Lamb_2/rqa_shape_3-file_RUBY-4X_RUBY-4X_1.csv--------------------------------------
min:  51.981
max:  90.389
lenTimeSeries =  199
191 ----------------------------------------------
[0.014445875935418438, 1.0, 1.0, 69.22390891840607, 3.6666666666666665, 1.8064516129032258, 7, 8, 0.14285714285714285, 1.897845163943857, 0, 0]
--------------------------------------out23012018_csv/interpKind_nearest-Epsilon_0.08-Lamb_2/rqa_shape_3-file_TN-3X_TN-3X.csv--------------------------------------
min:  61.8549
max:  107.6582
lenTimeSeries =  199
191 ----------------------------------------------
[0.03560757654669554, 1.0, 1.0, 28.083910700538876, 6.741935483870968, 5.482412060301508, 32, 22, 0.03125, 2.5570603008303023, 11.176470588235293, 14.058823529411764]
min:  72.9802
max:  93.698
lenTimeSeries =  199
191 ----------------------------------------------
[0.018283490035909105, 1.0, 1.0, 54.694152923538226, 5.826086956521739, 2.5591397849462365, 31, 10, 0.03225806451612903, 2.1028657720503716, 0, 0]
min:  68.0611
max:  92.2504
lenTimeSeries =  199
191 ----------------------------------------------
[0.01746114415723253, 1.0, 1.0, 57.27001569858713, 5.222222222222222, 1.9853658536585366, 15, 10, 0.06666666666666667, 2.0291545628109144, 48.23076923076923, 50.12820512820513]
--------------------------------------out23012018_csv/interpKind_nearest-Epsilon_0.08-Lamb_3/--------------------------------------
--------------------------------------out23012018_csv/interpKind_nearest-Epsilon_0.08-Lamb_3/rqa_shape_3-file_RBA-3P_RBA-3P.csv--------------------------------------
min:  80.87
max:  102.768
lenTimeSeries =  199
191 ----------------------------------------------
[0.016858090512869715, 1.0, 0.36548223350253806, 59.318699186991864, 5.833333333333333, 4.0, 15, 5, 0.06666666666666667, 1.504077396776274, 89.45454545454545, 90.81818181818181]
--------------------------------------out23012018_csv/interpKind_nearest-Epsilon_0.08-Lamb_3/rqa_shape_3-file_RBA-6P_RBA-6P.csv--------------------------------------
--------------------------------------out23012018_csv/interpKind_nearest-Epsilon_0.08-Lamb_3/rqa_shape_3-file_RBA-12PST4_RBA-12PST4.csv--------------------------------------
--------------------------------------out23012018_csv/interpKind_nearest-Epsilon_0.08-Lamb_3/rqa_shape_3-file_RUBY-1X_RUBY-1X_1.csv--------------------------------------
--------------------------------------out23012018_csv/interpKind_nearest-Epsilon_0.08-Lamb_3/rqa_shape_3-file_RUBY-4X_RUBY-4X_1.csv--------------------------------------
min:  51.981
max:  90.389
lenTimeSeries =  199
191 ----------------------------------------------
[0.014445875935418438, 0.8333333333333334, 0.16129032258064516, 57.686590765338394, 4.2, 6.0, 7, 8, 0.14285714285714285, 1.736740746093063, 0, 0]
--------------------------------------out23012018_csv/interpKind_nearest-Epsilon_0.08-Lamb_3/rqa_shape_3-file_TN-3X_TN-3X.csv--------------------------------------
min:  61.8549
max:  107.6582
lenTimeSeries =  199
191 ----------------------------------------------
[0.03560757654669554, 0.8709677419354839, 0.6130653266331658, 24.460180287566118, 7.592592592592593, 8.311475409836065, 32, 22, 0.03125, 2.4943718078998645, 11.176470588235293, 14.058823529411764]
min:  72.9802
max:  93.698
lenTimeSeries =  199
191 ----------------------------------------------
[0.018283490035909105, 0.8695652173913043, 0.2903225806451613, 47.56013297698976, 6.55, 6.37037037037037, 31, 10, 0.03225806451612903, 1.9730014063936125, 0, 0]
min:  68.0611
max:  92.2504
lenTimeSeries =  199
191 ----------------------------------------------
[0.01746114415723253, 0.9444444444444444, 0.17560975609756097, 54.088348159776736, 5.470588235294118, 6.611111111111111, 15, 10, 0.06666666666666667, 1.9213363139659514, 48.23076923076923, 50.12820512820513]
--------------------------------------out23012018_csv/interpKind_nearest-Epsilon_0.05-Lamb_2/--------------------------------------
--------------------------------------out23012018_csv/interpKind_nearest-Epsilon_0.05-Lamb_2/rqa_shape_3-file_RBA-3P_RBA-3P.csv--------------------------------------
min:  80.87
max:  102.768
lenTimeSeries =  199
191 ----------------------------------------------
[0.01345906088100655, 1.0, 1.0, 74.29938900203666, 6.0, 1.6129032258064515, 15, 5, 0.06666666666666667, 1.4270610433807247, 0, 0]
--------------------------------------out23012018_csv/interpKind_nearest-Epsilon_0.05-Lamb_2/rqa_shape_3-file_RBA-6P_RBA-6P.csv--------------------------------------
--------------------------------------out23012018_csv/interpKind_nearest-Epsilon_0.05-Lamb_2/rqa_shape_3-file_RBA-12PST4_RBA-12PST4.csv--------------------------------------
--------------------------------------out23012018_csv/interpKind_nearest-Epsilon_0.05-Lamb_2/rqa_shape_3-file_RUBY-1X_RUBY-1X_1.csv--------------------------------------
--------------------------------------out23012018_csv/interpKind_nearest-Epsilon_0.05-Lamb_2/rqa_shape_3-file_RUBY-4X_RUBY-4X_1.csv--------------------------------------
min:  51.981
max:  90.389
lenTimeSeries =  199
191 ----------------------------------------------
[0.013568706998163427, 1.0, 1.0, 73.69898989898991, 3.7142857142857144, 1.6344086021505377, 7, 8, 0.14285714285714285, 1.9085352816435597, 0, 0]
--------------------------------------out23012018_csv/interpKind_nearest-Epsilon_0.05-Lamb_2/rqa_shape_3-file_TN-3X_TN-3X.csv--------------------------------------
min:  61.8549
max:  107.6582
lenTimeSeries =  199
191 ----------------------------------------------
[0.026945533291302323, 1.0, 1.0, 37.111902339776194, 6.2444444444444445, 4.168421052631579, 23, 16, 0.043478260869565216, 2.496836704161926, 0, 0]
min:  72.9802
max:  93.698
lenTimeSeries =  199
191 ----------------------------------------------
[0.014774814286889065, 1.0, 1.0, 67.68274582560296, 4.625, 1.8709677419354838, 7, 8, 0.14285714285714285, 1.8195113489698564, 0, 0]
min:  68.0611
max:  92.2504
lenTimeSeries =  199
191 ----------------------------------------------
[0.013897645349634056, 1.0, 1.0, 71.95463510848126, 4.083333333333333, 1.4974874371859297, 7, 7, 0.14285714285714285, 1.8636799873410004, 57.55555555555556, 58.611111111111114]
--------------------------------------out23012018_csv/interpKind_nearest-Epsilon_0.05-Lamb_3/--------------------------------------
--------------------------------------out23012018_csv/interpKind_nearest-Epsilon_0.05-Lamb_3/rqa_shape_3-file_RBA-3P_RBA-3P.csv--------------------------------------
min:  80.87
max:  102.768
lenTimeSeries =  199
191 ----------------------------------------------
[0.01345906088100655, 1.0, 0.20430107526881722, 74.29938900203666, 6.0, 4.0, 15, 5, 0.06666666666666667, 1.4270610433807247, 0, 0]
--------------------------------------out23012018_csv/interpKind_nearest-Epsilon_0.05-Lamb_3/rqa_shape_3-file_RBA-6P_RBA-6P.csv--------------------------------------
--------------------------------------out23012018_csv/interpKind_nearest-Epsilon_0.05-Lamb_3/rqa_shape_3-file_RBA-12PST4_RBA-12PST4.csv--------------------------------------
--------------------------------------out23012018_csv/interpKind_nearest-Epsilon_0.05-Lamb_3/rqa_shape_3-file_RUBY-1X_RUBY-1X_1.csv--------------------------------------
--------------------------------------out23012018_csv/interpKind_nearest-Epsilon_0.05-Lamb_3/rqa_shape_3-file_RUBY-4X_RUBY-4X_1.csv--------------------------------------
min:  51.981
max:  90.389
lenTimeSeries =  199
191 ----------------------------------------------
[0.013568706998163427, 0.8571428571428571, 0.11827956989247312, 63.17056277056277, 4.166666666666667, 6.363636363636363, 7, 8, 0.14285714285714285, 1.7481554572476758, 0, 0]
--------------------------------------out23012018_csv/interpKind_nearest-Epsilon_0.05-Lamb_3/rqa_shape_3-file_TN-3X_TN-3X.csv--------------------------------------
min:  61.8549
max:  107.6582
lenTimeSeries =  199
191 ----------------------------------------------
[0.026945533291302323, 0.9111111111111111, 0.47368421052631576, 33.81306657624053, 6.7560975609756095, 7.688888888888889, 23, 16, 0.043478260869565216, 2.4112066299263053, 0, 0]
min:  72.9802
max:  93.698
lenTimeSeries =  199
191 ----------------------------------------------
[0.014774814286889065, 0.9375, 0.20430107526881722, 63.452574211502785, 4.866666666666666, 5.2631578947368425, 7, 8, 0.14285714285714285, 1.691434336280957, 0, 0]
min:  68.0611
max:  92.2504
lenTimeSeries =  199
191 ----------------------------------------------
[0.013897645349634056, 0.8333333333333334, 0.12562814070351758, 59.962195923734384, 4.7, 4.96, 7, 7, 0.14285714285714285, 1.6957425341696346, 57.55555555555556, 58.611111111111114]
--------------------------------------out23012018_csv/interpKind_slinear-Epsilon_0.0085-Lamb_2/--------------------------------------
--------------------------------------out23012018_csv/interpKind_slinear-Epsilon_0.0085-Lamb_2/rqa_shape_3-file_RBA-3P_RBA-3P.csv--------------------------------------
min:  80.87
max:  102.768
lenTimeSeries =  199
191 ----------------------------------------------
[0.005235602094240838, 0, 0, 0, 0, 0, 0, 0, 0, 0, 0, 0]
--------------------------------------out23012018_csv/interpKind_slinear-Epsilon_0.0085-Lamb_2/rqa_shape_3-file_RBA-6P_RBA-6P.csv--------------------------------------
--------------------------------------out23012018_csv/interpKind_slinear-Epsilon_0.0085-Lamb_2/rqa_shape_3-file_RBA-12PST4_RBA-12PST4.csv--------------------------------------
--------------------------------------out23012018_csv/interpKind_slinear-Epsilon_0.0085-Lamb_2/rqa_shape_3-file_RUBY-1X_RUBY-1X_1.csv--------------------------------------
--------------------------------------out23012018_csv/interpKind_slinear-Epsilon_0.0085-Lamb_2/rqa_shape_3-file_RUBY-4X_RUBY-4X_1.csv--------------------------------------
min:  51.981
max:  90.389
lenTimeSeries =  199
191 ----------------------------------------------
[0.005235602094240838, 0, 0, 0, 0, 0, 0, 0, 0, 0, 0, 0]
--------------------------------------out23012018_csv/interpKind_slinear-Epsilon_0.0085-Lamb_2/rqa_shape_3-file_TN-3X_TN-3X.csv--------------------------------------
min:  61.8549
max:  107.6582
lenTimeSeries =  199
191 ----------------------------------------------
[0.00660617855870179, 1.0, 1.0, 151.3734439834025, 7.0, 5.0, 8, 7, 0.125, 1.0986122886681096, 0, 0]
min:  72.9802
max:  93.698
lenTimeSeries =  199
191 ----------------------------------------------
[0.005235602094240838, 0, 0, 0, 0, 0, 0, 0, 0, 0, 0, 0]
min:  68.0611
max:  92.2504
lenTimeSeries =  199
191 ----------------------------------------------
[0.005235602094240838, 0, 0, 0, 0, 0, 0, 0, 0, 0, 0, 0]
--------------------------------------out23012018_csv/interpKind_slinear-Epsilon_0.0085-Lamb_3/--------------------------------------
--------------------------------------out23012018_csv/interpKind_slinear-Epsilon_0.0085-Lamb_3/rqa_shape_3-file_RBA-3P_RBA-3P.csv--------------------------------------
min:  80.87
max:  102.768
lenTimeSeries =  199
191 ----------------------------------------------
[0.005235602094240838, 0, 0, 0, 0, 0, 0, 0, 0, 0, 0, 0]
--------------------------------------out23012018_csv/interpKind_slinear-Epsilon_0.0085-Lamb_3/rqa_shape_3-file_RBA-6P_RBA-6P.csv--------------------------------------
--------------------------------------out23012018_csv/interpKind_slinear-Epsilon_0.0085-Lamb_3/rqa_shape_3-file_RBA-12PST4_RBA-12PST4.csv--------------------------------------
--------------------------------------out23012018_csv/interpKind_slinear-Epsilon_0.0085-Lamb_3/rqa_shape_3-file_RUBY-1X_RUBY-1X_1.csv--------------------------------------
--------------------------------------out23012018_csv/interpKind_slinear-Epsilon_0.0085-Lamb_3/rqa_shape_3-file_RUBY-4X_RUBY-4X_1.csv--------------------------------------
min:  51.981
max:  90.389
lenTimeSeries =  199
191 ----------------------------------------------
[0.005235602094240838, 0, 0, 0, 0, 0, 0, 0, 0, 0, 0, 0]
--------------------------------------out23012018_csv/interpKind_slinear-Epsilon_0.0085-Lamb_3/rqa_shape_3-file_TN-3X_TN-3X.csv--------------------------------------
min:  61.8549
max:  107.6582
lenTimeSeries =  199
191 ----------------------------------------------
[0.00660617855870179, 1.0, 1.0, 151.3734439834025, 7.0, 5.0, 8, 7, 0.125, 1.0986122886681096, 0, 0]
min:  72.9802
max:  93.698
lenTimeSeries =  199
191 ----------------------------------------------
[0.005235602094240838, 0, 0, 0, 0, 0, 0, 0, 0, 0, 0, 0]
min:  68.0611
max:  92.2504
lenTimeSeries =  199
191 ----------------------------------------------
[0.005235602094240838, 0, 0, 0, 0, 0, 0, 0, 0, 0, 0, 0]
--------------------------------------out23012018_csv/interpKind_slinear-Epsilon_0.005-Lamb_2/--------------------------------------
--------------------------------------out23012018_csv/interpKind_slinear-Epsilon_0.005-Lamb_2/rqa_shape_3-file_RBA-3P_RBA-3P.csv--------------------------------------
min:  80.87
max:  102.768
lenTimeSeries =  199
191 ----------------------------------------------
[0.005235602094240838, 0, 0, 0, 0, 0, 0, 0, 0, 0, 0, 0]
--------------------------------------out23012018_csv/interpKind_slinear-Epsilon_0.005-Lamb_2/rqa_shape_3-file_RBA-6P_RBA-6P.csv--------------------------------------
--------------------------------------out23012018_csv/interpKind_slinear-Epsilon_0.005-Lamb_2/rqa_shape_3-file_RBA-12PST4_RBA-12PST4.csv--------------------------------------
--------------------------------------out23012018_csv/interpKind_slinear-Epsilon_0.005-Lamb_2/rqa_shape_3-file_RUBY-1X_RUBY-1X_1.csv--------------------------------------
--------------------------------------out23012018_csv/interpKind_slinear-Epsilon_0.005-Lamb_2/rqa_shape_3-file_RUBY-4X_RUBY-4X_1.csv--------------------------------------
min:  51.981
max:  90.389
lenTimeSeries =  199
191 ----------------------------------------------
[0.005235602094240838, 0, 0, 0, 0, 0, 0, 0, 0, 0, 0, 0]
--------------------------------------out23012018_csv/interpKind_slinear-Epsilon_0.005-Lamb_2/rqa_shape_3-file_TN-3X_TN-3X.csv--------------------------------------
min:  61.8549
max:  107.6582
lenTimeSeries =  199
191 ----------------------------------------------
[0.0057838326800252185, 1.0, 1.0, 172.8957345971564, 8.0, 2.0, 8, 3, 0.125, 0.0, 0, 0]
min:  72.9802
max:  93.698
lenTimeSeries =  199
191 ----------------------------------------------
[0.005235602094240838, 0, 0, 0, 0, 0, 0, 0, 0, 0, 0, 0]
min:  68.0611
max:  92.2504
lenTimeSeries =  199
191 ----------------------------------------------
[0.005235602094240838, 0, 0, 0, 0, 0, 0, 0, 0, 0, 0, 0]
--------------------------------------out23012018_csv/interpKind_slinear-Epsilon_0.005-Lamb_3/--------------------------------------
--------------------------------------out23012018_csv/interpKind_slinear-Epsilon_0.005-Lamb_3/rqa_shape_3-file_RBA-3P_RBA-3P.csv--------------------------------------
min:  80.87
max:  102.768
lenTimeSeries =  199
191 ----------------------------------------------
[0.005235602094240838, 0, 0, 0, 0, 0, 0, 0, 0, 0, 0, 0]
--------------------------------------out23012018_csv/interpKind_slinear-Epsilon_0.005-Lamb_3/rqa_shape_3-file_RBA-6P_RBA-6P.csv--------------------------------------
--------------------------------------out23012018_csv/interpKind_slinear-Epsilon_0.005-Lamb_3/rqa_shape_3-file_RBA-12PST4_RBA-12PST4.csv--------------------------------------
--------------------------------------out23012018_csv/interpKind_slinear-Epsilon_0.005-Lamb_3/rqa_shape_3-file_RUBY-1X_RUBY-1X_1.csv--------------------------------------
--------------------------------------out23012018_csv/interpKind_slinear-Epsilon_0.005-Lamb_3/rqa_shape_3-file_RUBY-4X_RUBY-4X_1.csv--------------------------------------
min:  51.981
max:  90.389
lenTimeSeries =  199
191 ----------------------------------------------
[0.005235602094240838, 0, 0, 0, 0, 0, 0, 0, 0, 0, 0, 0]
--------------------------------------out23012018_csv/interpKind_slinear-Epsilon_0.005-Lamb_3/rqa_shape_3-file_TN-3X_TN-3X.csv--------------------------------------
min:  61.8549
max:  107.6582
lenTimeSeries =  199
191 ----------------------------------------------
[0.0057838326800252185, 1.0, 0.9, 172.8957345971564, 8.0, 2.111111111111111, 8, 3, 0.125, 0.0, 0, 0]
min:  72.9802
max:  93.698
lenTimeSeries =  199
191 ----------------------------------------------
[0.005235602094240838, 0, 0, 0, 0, 0, 0, 0, 0, 0, 0, 0]
min:  68.0611
max:  92.2504
lenTimeSeries =  199
191 ----------------------------------------------
[0.005235602094240838, 0, 0, 0, 0, 0, 0, 0, 0, 0, 0, 0]
--------------------------------------out23012018_csv/interpKind_slinear-Epsilon_0.08-Lamb_2/--------------------------------------
--------------------------------------out23012018_csv/interpKind_slinear-Epsilon_0.08-Lamb_2/rqa_shape_3-file_RBA-3P_RBA-3P.csv--------------------------------------
min:  80.87
max:  102.768
lenTimeSeries =  199
191 ----------------------------------------------
[0.014116937583947808, 1.0, 1.0, 70.83689320388349, 11.307692307692308, 2.872340425531915, 35, 6, 0.02857142857142857, 1.9915093613566137, 79.53703703703704, 79.77777777777777]
--------------------------------------out23012018_csv/interpKind_slinear-Epsilon_0.08-Lamb_2/rqa_shape_3-file_RBA-6P_RBA-6P.csv--------------------------------------
--------------------------------------out23012018_csv/interpKind_slinear-Epsilon_0.08-Lamb_2/rqa_shape_3-file_RBA-12PST4_RBA-12PST4.csv--------------------------------------
--------------------------------------out23012018_csv/interpKind_slinear-Epsilon_0.08-Lamb_2/rqa_shape_3-file_RUBY-1X_RUBY-1X_1.csv--------------------------------------
--------------------------------------out23012018_csv/interpKind_slinear-Epsilon_0.08-Lamb_2/rqa_shape_3-file_RUBY-4X_RUBY-4X_1.csv--------------------------------------
min:  51.981
max:  90.389
lenTimeSeries =  199
191 ----------------------------------------------
[0.012527068885173104, 1.0, 1.0, 79.82713347921225, 7.1875, 2.5542168674698793, 17, 6, 0.058823529411764705, 2.1006789212792607, 115.0, 115.18518518518519]
--------------------------------------out23012018_csv/interpKind_slinear-Epsilon_0.08-Lamb_2/rqa_shape_3-file_TN-3X_TN-3X.csv--------------------------------------
min:  61.8549
max:  107.6582
lenTimeSeries =  199
191 ----------------------------------------------
[0.03286642361777364, 1.0, 1.0, 30.426188490408673, 11.846153846153847, 7.027972027972028, 84, 18, 0.011904761904761904, 2.96135423205767, 3.3333333333333335, 11.333333333333334]
min:  72.9802
max:  93.698
lenTimeSeries =  199
191 ----------------------------------------------
[0.013294591705271237, 1.0, 1.0, 75.21855670103093, 10.23076923076923, 4.451612903225806, 30, 12, 0.03333333333333333, 2.098147389135067, 77.0, 77.0]
min:  68.0611
max:  92.2504
lenTimeSeries =  199
191 ----------------------------------------------
[0.01696773663002659, 1.0, 1.0, 58.93537964458804, 8.571428571428571, 2.4693877551020407, 46, 10, 0.021739130434782608, 2.080081380213867, 59.707692307692305, 60.84615384615385]
--------------------------------------out23012018_csv/interpKind_slinear-Epsilon_0.08-Lamb_3/--------------------------------------
--------------------------------------out23012018_csv/interpKind_slinear-Epsilon_0.08-Lamb_3/rqa_shape_3-file_RBA-3P_RBA-3P.csv--------------------------------------
min:  80.87
max:  102.768
lenTimeSeries =  199
191 ----------------------------------------------
[0.014116937583947808, 1.0, 0.7446808510638298, 70.83689320388349, 11.307692307692308, 3.5142857142857142, 35, 6, 0.02857142857142857, 1.9915093613566137, 79.53703703703704, 79.77777777777777]
--------------------------------------out23012018_csv/interpKind_slinear-Epsilon_0.08-Lamb_3/rqa_shape_3-file_RBA-6P_RBA-6P.csv--------------------------------------
--------------------------------------out23012018_csv/interpKind_slinear-Epsilon_0.08-Lamb_3/rqa_shape_3-file_RBA-12PST4_RBA-12PST4.csv--------------------------------------
--------------------------------------out23012018_csv/interpKind_slinear-Epsilon_0.08-Lamb_3/rqa_shape_3-file_RUBY-1X_RUBY-1X_1.csv--------------------------------------
--------------------------------------out23012018_csv/interpKind_slinear-Epsilon_0.08-Lamb_3/rqa_shape_3-file_RUBY-4X_RUBY-4X_1.csv--------------------------------------
min:  51.981
max:  90.389
lenTimeSeries =  199
191 ----------------------------------------------
[0.012527068885173104, 0.875, 0.7951807228915663, 69.84874179431073, 8.071428571428571, 2.9545454545454546, 17, 6, 0.058823529411764705, 1.9701814400260844, 115.0, 115.18518518518519]
--------------------------------------out23012018_csv/interpKind_slinear-Epsilon_0.08-Lamb_3/rqa_shape_3-file_TN-3X_TN-3X.csv--------------------------------------
min:  61.8549
max:  107.6582
lenTimeSeries =  199
191 ----------------------------------------------
[0.03286642361777364, 0.9487179487179487, 0.9370629370629371, 28.865871131926177, 12.432432432432432, 7.432835820895522, 84, 18, 0.011904761904761904, 2.908220756220249, 3.3333333333333335, 11.333333333333334]
min:  72.9802
max:  93.698
lenTimeSeries =  199
191 ----------------------------------------------
[0.013294591705271237, 1.0, 0.8064516129032258, 75.21855670103093, 10.23076923076923, 5.28, 30, 12, 0.03333333333333333, 2.098147389135067, 77.0, 77.0]
min:  68.0611
max:  92.2504
lenTimeSeries =  199
191 ----------------------------------------------
[0.01696773663002659, 0.7619047619047619, 0.6530612244897959, 44.9031463958766, 10.9375, 3.25, 46, 10, 0.021739130434782608, 2.0097091818941455, 59.707692307692305, 60.84615384615385]
--------------------------------------out23012018_csv/interpKind_slinear-Epsilon_0.05-Lamb_2/--------------------------------------
--------------------------------------out23012018_csv/interpKind_slinear-Epsilon_0.05-Lamb_2/rqa_shape_3-file_RBA-3P_RBA-3P.csv--------------------------------------
min:  80.87
max:  102.768
lenTimeSeries =  199
191 ----------------------------------------------
[0.008524985608947122, 1.0, 1.0, 117.30225080385853, 8.666666666666666, 1.8181818181818181, 27, 2, 0.037037037037037035, 1.5607104090414063, 75.4, 75.4]
--------------------------------------out23012018_csv/interpKind_slinear-Epsilon_0.05-Lamb_2/rqa_shape_3-file_RBA-6P_RBA-6P.csv--------------------------------------
--------------------------------------out23012018_csv/interpKind_slinear-Epsilon_0.05-Lamb_2/rqa_shape_3-file_RBA-12PST4_RBA-12PST4.csv--------------------------------------
--------------------------------------out23012018_csv/interpKind_slinear-Epsilon_0.05-Lamb_2/rqa_shape_3-file_RUBY-1X_RUBY-1X_1.csv--------------------------------------
--------------------------------------out23012018_csv/interpKind_slinear-Epsilon_0.05-Lamb_2/rqa_shape_3-file_RUBY-4X_RUBY-4X_1.csv--------------------------------------
min:  51.981
max:  90.389
lenTimeSeries =  199
191 ----------------------------------------------
[0.008141224198898057, 1.0, 1.0, 122.83164983164983, 5.5, 2.1463414634146343, 10, 4, 0.1, 1.4941751382893085, 136.0, 136.0]
--------------------------------------out23012018_csv/interpKind_slinear-Epsilon_0.05-Lamb_2/rqa_shape_3-file_TN-3X_TN-3X.csv--------------------------------------
min:  61.8549
max:  107.6582
lenTimeSeries =  199
191 ----------------------------------------------
[0.021463227433458514, 1.0, 1.0, 46.59131545338442, 9.535714285714286, 4.957983193277311, 38, 15, 0.02631578947368421, 2.750214000894922, 7.5, 10.5]
min:  72.9802
max:  93.698
lenTimeSeries =  199
191 ----------------------------------------------
[0.008799100901839314, 1.0, 1.0, 113.64797507788161, 10.8, 3.6470588235294117, 24, 7, 0.041666666666666664, 1.6094379124341005, 77.0, 77.0]
min:  68.0611
max:  92.2504
lenTimeSeries =  199
191 ----------------------------------------------
[0.009237685370466818, 1.0, 1.0, 108.25222551928785, 5.4, 2.4339622641509435, 21, 6, 0.047619047619047616, 1.7480673485460891, 60.529411764705884, 60.76470588235294]
--------------------------------------out23012018_csv/interpKind_slinear-Epsilon_0.05-Lamb_3/--------------------------------------
--------------------------------------out23012018_csv/interpKind_slinear-Epsilon_0.05-Lamb_3/rqa_shape_3-file_RBA-3P_RBA-3P.csv--------------------------------------
min:  80.87
max:  102.768
lenTimeSeries =  199
191 ----------------------------------------------
[0.008524985608947122, 0.8333333333333334, 0.8181818181818182, 97.75187566988211, 10.2, 2.0, 27, 2, 0.037037037037037035, 1.3321790402101223, 75.4, 75.4]
--------------------------------------out23012018_csv/interpKind_slinear-Epsilon_0.05-Lamb_3/rqa_shape_3-file_RBA-6P_RBA-6P.csv--------------------------------------
--------------------------------------out23012018_csv/interpKind_slinear-Epsilon_0.05-Lamb_3/rqa_shape_3-file_RBA-12PST4_RBA-12PST4.csv--------------------------------------
--------------------------------------out23012018_csv/interpKind_slinear-Epsilon_0.05-Lamb_3/rqa_shape_3-file_RUBY-1X_RUBY-1X_1.csv--------------------------------------
--------------------------------------out23012018_csv/interpKind_slinear-Epsilon_0.05-Lamb_3/rqa_shape_3-file_RUBY-4X_RUBY-4X_1.csv--------------------------------------
min:  51.981
max:  90.389
lenTimeSeries =  199
191 ----------------------------------------------
[0.008141224198898057, 0.875, 0.7804878048780488, 107.4776936026936, 6.142857142857143, 2.46875, 10, 4, 0.1, 1.277034259466139, 136.0, 136.0]
--------------------------------------out23012018_csv/interpKind_slinear-Epsilon_0.05-Lamb_3/rqa_shape_3-file_TN-3X_TN-3X.csv--------------------------------------
min:  61.8549
max:  107.6582
lenTimeSeries =  199
191 ----------------------------------------------
[0.021463227433458514, 0.9285714285714286, 0.8991596638655462, 43.26336434957125, 10.192307692307692, 5.401869158878505, 38, 15, 0.02631578947368421, 2.6846565419165596, 7.5, 10.5]
min:  72.9802
max:  93.698
lenTimeSeries =  199
191 ----------------------------------------------
[0.008799100901839314, 0.8, 0.7352941176470589, 90.9183800623053, 13.25, 4.6, 24, 7, 0.041666666666666664, 1.3862943611198906, 77.0, 77.0]
min:  68.0611
max:  92.2504
lenTimeSeries =  199
191 ----------------------------------------------
[0.009237685370466818, 0.6, 0.5660377358490566, 64.9513353115727, 8.333333333333334, 3.533333333333333, 21, 6, 0.047619047619047616, 1.7917594692280547, 60.529411764705884, 60.76470588235294]
--------------------------------------out23012018_csv/interpKind_quadratic-Epsilon_0.0085-Lamb_2/--------------------------------------
--------------------------------------out23012018_csv/interpKind_quadratic-Epsilon_0.0085-Lamb_2/rqa_shape_3-file_RBA-3P_RBA-3P.csv--------------------------------------
min:  80.87
max:  102.768
lenTimeSeries =  199
191 ----------------------------------------------
[0.005235602094240838, 0, 0, 0, 0, 0, 0, 0, 0, 0, 0, 0]
--------------------------------------out23012018_csv/interpKind_quadratic-Epsilon_0.0085-Lamb_2/rqa_shape_3-file_RBA-6P_RBA-6P.csv--------------------------------------
--------------------------------------out23012018_csv/interpKind_quadratic-Epsilon_0.0085-Lamb_2/rqa_shape_3-file_RBA-12PST4_RBA-12PST4.csv--------------------------------------
--------------------------------------out23012018_csv/interpKind_quadratic-Epsilon_0.0085-Lamb_2/rqa_shape_3-file_RUBY-1X_RUBY-1X_1.csv--------------------------------------
--------------------------------------out23012018_csv/interpKind_quadratic-Epsilon_0.0085-Lamb_2/rqa_shape_3-file_RUBY-4X_RUBY-4X_1.csv--------------------------------------
min:  51.981
max:  90.389
lenTimeSeries =  199
191 ----------------------------------------------
[0.005235602094240838, 0, 0, 0, 0, 0, 0, 0, 0, 0, 0, 0]
--------------------------------------out23012018_csv/interpKind_quadratic-Epsilon_0.0085-Lamb_2/rqa_shape_3-file_TN-3X_TN-3X.csv--------------------------------------
min:  61.8549
max:  107.6582
lenTimeSeries =  199
191 ----------------------------------------------
[0.0057838326800252185, 1.0, 1.0, 172.8957345971564, 2.3333333333333335, 1.5384615384615385, 3, 2, 0.3333333333333333, 0.6365141682948128, 0, 0]
min:  72.9802
max:  93.698
lenTimeSeries =  199
191 ----------------------------------------------
[0.005400071269976152, 1.0, 1.0, 185.18274111675126, 2.0, 1.5, 2, 2, 0.5, 0.0, 0, 0]
min:  68.0611
max:  92.2504
lenTimeSeries =  199
191 ----------------------------------------------
[0.005235602094240838, 0, 0, 0, 0, 0, 0, 0, 0, 0, 0, 0]
--------------------------------------out23012018_csv/interpKind_quadratic-Epsilon_0.0085-Lamb_3/--------------------------------------
--------------------------------------out23012018_csv/interpKind_quadratic-Epsilon_0.0085-Lamb_3/rqa_shape_3-file_RBA-3P_RBA-3P.csv--------------------------------------
min:  80.87
max:  102.768
lenTimeSeries =  199
191 ----------------------------------------------
[0.005235602094240838, 0, 0, 0, 0, 0, 0, 0, 0, 0, 0, 0]
--------------------------------------out23012018_csv/interpKind_quadratic-Epsilon_0.0085-Lamb_3/rqa_shape_3-file_RBA-6P_RBA-6P.csv--------------------------------------
--------------------------------------out23012018_csv/interpKind_quadratic-Epsilon_0.0085-Lamb_3/rqa_shape_3-file_RBA-12PST4_RBA-12PST4.csv--------------------------------------
--------------------------------------out23012018_csv/interpKind_quadratic-Epsilon_0.0085-Lamb_3/rqa_shape_3-file_RUBY-1X_RUBY-1X_1.csv--------------------------------------
--------------------------------------out23012018_csv/interpKind_quadratic-Epsilon_0.0085-Lamb_3/rqa_shape_3-file_RUBY-4X_RUBY-4X_1.csv--------------------------------------
min:  51.981
max:  90.389
lenTimeSeries =  199
191 ----------------------------------------------
[0.005235602094240838, 0, 0, 0, 0, 0, 0, 0, 0, 0, 0, 0]
--------------------------------------out23012018_csv/interpKind_quadratic-Epsilon_0.0085-Lamb_3/rqa_shape_3-file_TN-3X_TN-3X.csv--------------------------------------
min:  61.8549
max:  107.6582
lenTimeSeries =  199
191 ----------------------------------------------
[0.0057838326800252185, 1.0, 0.5384615384615384, 172.8957345971564, 2.3333333333333335, 2.0, 3, 2, 0.3333333333333333, 0.6365141682948128, 0, 0]
min:  72.9802
max:  93.698
lenTimeSeries =  199
191 ----------------------------------------------
[0.005400071269976152, 1.0, 0.5, 185.18274111675126, 2.0, 2.0, 2, 2, 0.5, 0.0, 0, 0]
min:  68.0611
max:  92.2504
lenTimeSeries =  199
191 ----------------------------------------------
[0.005235602094240838, 0, 0, 0, 0, 0, 0, 0, 0, 0, 0, 0]
--------------------------------------out23012018_csv/interpKind_quadratic-Epsilon_0.005-Lamb_2/--------------------------------------
--------------------------------------out23012018_csv/interpKind_quadratic-Epsilon_0.005-Lamb_2/rqa_shape_3-file_RBA-3P_RBA-3P.csv--------------------------------------
min:  80.87
max:  102.768
lenTimeSeries =  199
191 ----------------------------------------------
[0.005235602094240838, 0, 0, 0, 0, 0, 0, 0, 0, 0, 0, 0]
--------------------------------------out23012018_csv/interpKind_quadratic-Epsilon_0.005-Lamb_2/rqa_shape_3-file_RBA-6P_RBA-6P.csv--------------------------------------
--------------------------------------out23012018_csv/interpKind_quadratic-Epsilon_0.005-Lamb_2/rqa_shape_3-file_RBA-12PST4_RBA-12PST4.csv--------------------------------------
--------------------------------------out23012018_csv/interpKind_quadratic-Epsilon_0.005-Lamb_2/rqa_shape_3-file_RUBY-1X_RUBY-1X_1.csv--------------------------------------
--------------------------------------out23012018_csv/interpKind_quadratic-Epsilon_0.005-Lamb_2/rqa_shape_3-file_RUBY-4X_RUBY-4X_1.csv--------------------------------------
min:  51.981
max:  90.389
lenTimeSeries =  199
191 ----------------------------------------------
[0.005235602094240838, 0, 0, 0, 0, 0, 0, 0, 0, 0, 0, 0]
--------------------------------------out23012018_csv/interpKind_quadratic-Epsilon_0.005-Lamb_2/rqa_shape_3-file_TN-3X_TN-3X.csv--------------------------------------
min:  61.8549
max:  107.6582
lenTimeSeries =  199
191 ----------------------------------------------
[0.005235602094240838, 0, 0, 0, 0, 0, 0, 0, 0, 0, 0, 0]
min:  72.9802
max:  93.698
lenTimeSeries =  199
191 ----------------------------------------------
[0.005235602094240838, 0, 0, 0, 0, 0, 0, 0, 0, 0, 0, 0]
min:  68.0611
max:  92.2504
lenTimeSeries =  199
191 ----------------------------------------------
[0.005235602094240838, 0, 0, 0, 0, 0, 0, 0, 0, 0, 0, 0]
--------------------------------------out23012018_csv/interpKind_quadratic-Epsilon_0.005-Lamb_3/--------------------------------------
--------------------------------------out23012018_csv/interpKind_quadratic-Epsilon_0.005-Lamb_3/rqa_shape_3-file_RBA-3P_RBA-3P.csv--------------------------------------
min:  80.87
max:  102.768
lenTimeSeries =  199
191 ----------------------------------------------
[0.005235602094240838, 0, 0, 0, 0, 0, 0, 0, 0, 0, 0, 0]
--------------------------------------out23012018_csv/interpKind_quadratic-Epsilon_0.005-Lamb_3/rqa_shape_3-file_RBA-6P_RBA-6P.csv--------------------------------------
--------------------------------------out23012018_csv/interpKind_quadratic-Epsilon_0.005-Lamb_3/rqa_shape_3-file_RBA-12PST4_RBA-12PST4.csv--------------------------------------
--------------------------------------out23012018_csv/interpKind_quadratic-Epsilon_0.005-Lamb_3/rqa_shape_3-file_RUBY-1X_RUBY-1X_1.csv--------------------------------------
--------------------------------------out23012018_csv/interpKind_quadratic-Epsilon_0.005-Lamb_3/rqa_shape_3-file_RUBY-4X_RUBY-4X_1.csv--------------------------------------
min:  51.981
max:  90.389
lenTimeSeries =  199
191 ----------------------------------------------
[0.005235602094240838, 0, 0, 0, 0, 0, 0, 0, 0, 0, 0, 0]
--------------------------------------out23012018_csv/interpKind_quadratic-Epsilon_0.005-Lamb_3/rqa_shape_3-file_TN-3X_TN-3X.csv--------------------------------------
min:  61.8549
max:  107.6582
lenTimeSeries =  199
191 ----------------------------------------------
[0.005235602094240838, 0, 0, 0, 0, 0, 0, 0, 0, 0, 0, 0]
min:  72.9802
max:  93.698
lenTimeSeries =  199
191 ----------------------------------------------
[0.005235602094240838, 0, 0, 0, 0, 0, 0, 0, 0, 0, 0, 0]
min:  68.0611
max:  92.2504
lenTimeSeries =  199
191 ----------------------------------------------
[0.005235602094240838, 0, 0, 0, 0, 0, 0, 0, 0, 0, 0, 0]
--------------------------------------out23012018_csv/interpKind_quadratic-Epsilon_0.08-Lamb_2/--------------------------------------
--------------------------------------out23012018_csv/interpKind_quadratic-Epsilon_0.08-Lamb_2/rqa_shape_3-file_RBA-3P_RBA-3P.csv--------------------------------------
min:  80.87
max:  102.768
lenTimeSeries =  199
191 ----------------------------------------------
[0.013623530056741866, 1.0, 1.0, 73.40241448692153, 10.692307692307692, 2.693877551020408, 35, 6, 0.02857142857142857, 2.2047854169135204, 73.23809523809524, 73.57142857142857]
--------------------------------------out23012018_csv/interpKind_quadratic-Epsilon_0.08-Lamb_2/rqa_shape_3-file_RBA-6P_RBA-6P.csv--------------------------------------
--------------------------------------out23012018_csv/interpKind_quadratic-Epsilon_0.08-Lamb_2/rqa_shape_3-file_RBA-12PST4_RBA-12PST4.csv--------------------------------------
--------------------------------------out23012018_csv/interpKind_quadratic-Epsilon_0.08-Lamb_2/rqa_shape_3-file_RUBY-1X_RUBY-1X_1.csv--------------------------------------
--------------------------------------out23012018_csv/interpKind_quadratic-Epsilon_0.08-Lamb_2/rqa_shape_3-file_RUBY-4X_RUBY-4X_1.csv--------------------------------------
min:  51.981
max:  90.389
lenTimeSeries =  199
191 ----------------------------------------------
[0.012198130533702476, 1.0, 1.0, 81.97977528089888, 7.928571428571429, 2.4705882352941178, 17, 5, 0.058823529411764705, 2.242973226438147, 121.27272727272727, 121.38636363636364]
--------------------------------------out23012018_csv/interpKind_quadratic-Epsilon_0.08-Lamb_2/rqa_shape_3-file_TN-3X_TN-3X.csv--------------------------------------
min:  61.8549
max:  107.6582
lenTimeSeries =  199
191 ----------------------------------------------
[0.03484005372659741, 1.0, 1.0, 28.702596380802515, 9.76, 7.1066666666666665, 84, 20, 0.011904761904761904, 2.815834336685782, 10.357142857142858, 15.714285714285714]
min:  72.9802
max:  93.698
lenTimeSeries =  199
191 ----------------------------------------------
[0.01121131547929059, 1.0, 1.0, 89.1955990220049, 8.0, 5.219512195121951, 28, 12, 0.03571428571428571, 2.094729047527649, 160.0, 160.0]
min:  68.0611
max:  92.2504
lenTimeSeries =  199
191 ----------------------------------------------
[0.01466516816973219, 1.0, 1.0, 68.18878504672897, 8.277777777777779, 2.3181818181818183, 44, 9, 0.022727272727272728, 2.245171589411516, 69.5, 70.52631578947368]
--------------------------------------out23012018_csv/interpKind_quadratic-Epsilon_0.08-Lamb_3/--------------------------------------
--------------------------------------out23012018_csv/interpKind_quadratic-Epsilon_0.08-Lamb_3/rqa_shape_3-file_RBA-3P_RBA-3P.csv--------------------------------------
min:  80.87
max:  102.768
lenTimeSeries =  199
191 ----------------------------------------------
[0.013623530056741866, 1.0, 0.7551020408163265, 73.40241448692153, 10.692307692307692, 3.2432432432432434, 35, 6, 0.02857142857142857, 2.2047854169135204, 73.23809523809524, 73.57142857142857]
--------------------------------------out23012018_csv/interpKind_quadratic-Epsilon_0.08-Lamb_3/rqa_shape_3-file_RBA-6P_RBA-6P.csv--------------------------------------
--------------------------------------out23012018_csv/interpKind_quadratic-Epsilon_0.08-Lamb_3/rqa_shape_3-file_RBA-12PST4_RBA-12PST4.csv--------------------------------------
--------------------------------------out23012018_csv/interpKind_quadratic-Epsilon_0.08-Lamb_3/rqa_shape_3-file_RUBY-1X_RUBY-1X_1.csv--------------------------------------
--------------------------------------out23012018_csv/interpKind_quadratic-Epsilon_0.08-Lamb_3/rqa_shape_3-file_RUBY-4X_RUBY-4X_1.csv--------------------------------------
min:  51.981
max:  90.389
lenTimeSeries =  199
191 ----------------------------------------------
[0.012198130533702476, 0.8571428571428571, 0.7764705882352941, 70.26837881219903, 9.083333333333334, 2.893939393939394, 17, 5, 0.058823529411764705, 2.138333059508028, 121.27272727272727, 121.38636363636364]
--------------------------------------out23012018_csv/interpKind_quadratic-Epsilon_0.08-Lamb_3/rqa_shape_3-file_TN-3X_TN-3X.csv--------------------------------------
min:  61.8549
max:  107.6582
lenTimeSeries =  199
191 ----------------------------------------------
[0.03484005372659741, 0.92, 0.9266666666666666, 26.406388670338316, 10.521739130434783, 7.589928057553957, 84, 20, 0.011904761904761904, 2.7576793096926018, 10.357142857142858, 15.714285714285714]
min:  72.9802
max:  93.698
lenTimeSeries =  199
191 ----------------------------------------------
[0.01121131547929059, 0.75, 0.8048780487804879, 66.89669926650367, 10.333333333333334, 6.242424242424242, 28, 12, 0.03571428571428571, 2.0431918705451206, 160.0, 160.0]
min:  68.0611
max:  92.2504
lenTimeSeries =  199
191 ----------------------------------------------
[0.01466516816973219, 0.7777777777777778, 0.7878787878787878, 53.035721703011426, 10.357142857142858, 2.673076923076923, 44, 9, 0.022727272727272728, 2.2055983590263937, 69.5, 70.52631578947368]
--------------------------------------out23012018_csv/interpKind_quadratic-Epsilon_0.05-Lamb_2/--------------------------------------
--------------------------------------out23012018_csv/interpKind_quadratic-Epsilon_0.05-Lamb_2/rqa_shape_3-file_RBA-3P_RBA-3P.csv--------------------------------------
min:  80.87
max:  102.768
lenTimeSeries =  199
191 ----------------------------------------------
[0.008853923960417752, 1.0, 1.0, 112.94427244582043, 12.2, 2.185185185185185, 28, 4, 0.03571428571428571, 1.3321790402101223, 71.0, 71.0]
--------------------------------------out23012018_csv/interpKind_quadratic-Epsilon_0.05-Lamb_2/rqa_shape_3-file_RBA-6P_RBA-6P.csv--------------------------------------
--------------------------------------out23012018_csv/interpKind_quadratic-Epsilon_0.05-Lamb_2/rqa_shape_3-file_RBA-12PST4_RBA-12PST4.csv--------------------------------------
--------------------------------------out23012018_csv/interpKind_quadratic-Epsilon_0.05-Lamb_2/rqa_shape_3-file_RUBY-1X_RUBY-1X_1.csv--------------------------------------
--------------------------------------out23012018_csv/interpKind_quadratic-Epsilon_0.05-Lamb_2/rqa_shape_3-file_RUBY-4X_RUBY-4X_1.csv--------------------------------------
min:  51.981
max:  90.389
lenTimeSeries =  199
191 ----------------------------------------------
[0.00803157808174118, 1.0, 1.0, 124.50853242320818, 5.375, 1.9090909090909092, 9, 4, 0.1111111111111111, 1.9061547465398496, 118.22222222222223, 118.22222222222223]
--------------------------------------out23012018_csv/interpKind_quadratic-Epsilon_0.05-Lamb_2/rqa_shape_3-file_TN-3X_TN-3X.csv--------------------------------------
min:  61.8549
max:  107.6582
lenTimeSeries =  199
191 ----------------------------------------------
[0.021956634960664457, 1.0, 1.0, 45.54431960049937, 10.296296296296296, 5.771428571428571, 37, 16, 0.02702702702702703, 2.5828082344390912, 6.25, 10.0]
min:  72.9802
max:  93.698
lenTimeSeries =  199
191 ----------------------------------------------
[0.008524985608947122, 1.0, 1.0, 117.30225080385853, 9.0, 5.0, 22, 9, 0.045454545454545456, 1.7917594692280547, 0, 0]
min:  68.0611
max:  92.2504
lenTimeSeries =  199
191 ----------------------------------------------
[0.008086401140319619, 1.0, 1.0, 123.66440677966101, 6.285714285714286, 2.3333333333333335, 18, 5, 0.05555555555555555, 1.4750763110546947, 54.5, 54.666666666666664]
--------------------------------------out23012018_csv/interpKind_quadratic-Epsilon_0.05-Lamb_3/--------------------------------------
--------------------------------------out23012018_csv/interpKind_quadratic-Epsilon_0.05-Lamb_3/rqa_shape_3-file_RBA-3P_RBA-3P.csv--------------------------------------
min:  80.87
max:  102.768
lenTimeSeries =  199
191 ----------------------------------------------
[0.008853923960417752, 1.0, 0.8888888888888888, 112.94427244582043, 12.2, 2.3333333333333335, 28, 4, 0.03571428571428571, 1.3321790402101223, 71.0, 71.0]
--------------------------------------out23012018_csv/interpKind_quadratic-Epsilon_0.05-Lamb_3/rqa_shape_3-file_RBA-6P_RBA-6P.csv--------------------------------------
--------------------------------------out23012018_csv/interpKind_quadratic-Epsilon_0.05-Lamb_3/rqa_shape_3-file_RBA-12PST4_RBA-12PST4.csv--------------------------------------
--------------------------------------out23012018_csv/interpKind_quadratic-Epsilon_0.05-Lamb_3/rqa_shape_3-file_RUBY-1X_RUBY-1X_1.csv--------------------------------------
--------------------------------------out23012018_csv/interpKind_quadratic-Epsilon_0.05-Lamb_3/rqa_shape_3-file_RUBY-4X_RUBY-4X_1.csv--------------------------------------
min:  51.981
max:  90.389
lenTimeSeries =  199
191 ----------------------------------------------
[0.00803157808174118, 0.875, 0.7954545454545454, 108.94496587030716, 6.0, 2.142857142857143, 9, 4, 0.1111111111111111, 1.7478680974667573, 118.22222222222223, 118.22222222222223]
--------------------------------------out23012018_csv/interpKind_quadratic-Epsilon_0.05-Lamb_3/rqa_shape_3-file_TN-3X_TN-3X.csv--------------------------------------
min:  61.8549
max:  107.6582
lenTimeSeries =  199
191 ----------------------------------------------
[0.021956634960664457, 0.9629629629629629, 0.9238095238095239, 43.85749294862902, 10.653846153846153, 6.164948453608248, 37, 16, 0.02702702702702703, 2.51764372831912, 6.25, 10.0]
min:  72.9802
max:  93.698
lenTimeSeries =  199
191 ----------------------------------------------
[0.008524985608947122, 0.8333333333333334, 0.9166666666666666, 97.75187566988211, 10.6, 5.363636363636363, 22, 9, 0.045454545454545456, 1.6094379124341005, 0, 0]
min:  68.0611
max:  92.2504
lenTimeSeries =  199
191 ----------------------------------------------
[0.008086401140319619, 1.0, 0.7619047619047619, 123.66440677966101, 6.285714285714286, 2.75, 18, 5, 0.05555555555555555, 1.4750763110546947, 54.5, 54.666666666666664]
--------------------------------------out23012018_csv/interpKind_cubic-Epsilon_0.0085-Lamb_2/--------------------------------------
--------------------------------------out23012018_csv/interpKind_cubic-Epsilon_0.0085-Lamb_2/rqa_shape_3-file_RBA-3P_RBA-3P.csv--------------------------------------
min:  80.87
max:  102.768
lenTimeSeries =  199
191 ----------------------------------------------
[0.005235602094240838, 0, 0, 0, 0, 0, 0, 0, 0, 0, 0, 0]
--------------------------------------out23012018_csv/interpKind_cubic-Epsilon_0.0085-Lamb_2/rqa_shape_3-file_RBA-6P_RBA-6P.csv--------------------------------------
--------------------------------------out23012018_csv/interpKind_cubic-Epsilon_0.0085-Lamb_2/rqa_shape_3-file_RBA-12PST4_RBA-12PST4.csv--------------------------------------
--------------------------------------out23012018_csv/interpKind_cubic-Epsilon_0.0085-Lamb_2/rqa_shape_3-file_RUBY-1X_RUBY-1X_1.csv--------------------------------------
--------------------------------------out23012018_csv/interpKind_cubic-Epsilon_0.0085-Lamb_2/rqa_shape_3-file_RUBY-4X_RUBY-4X_1.csv--------------------------------------
min:  51.981
max:  90.389
lenTimeSeries =  199
191 ----------------------------------------------
[0.005235602094240838, 0, 0, 0, 0, 0, 0, 0, 0, 0, 0, 0]
--------------------------------------out23012018_csv/interpKind_cubic-Epsilon_0.0085-Lamb_2/rqa_shape_3-file_TN-3X_TN-3X.csv--------------------------------------
min:  61.8549
max:  107.6582
lenTimeSeries =  199
191 ----------------------------------------------
[0.005838655738603656, 1.0, 1.0, 171.27230046948358, 4.5, 1.6923076923076923, 8, 2, 0.125, 0.6931471805599453, 0, 0]
min:  72.9802
max:  93.698
lenTimeSeries =  199
191 ----------------------------------------------
[0.00545489432855459, 1.0, 1.0, 183.321608040201, 3.0, 1.6, 3, 2, 0.3333333333333333, 0.0, 0, 0]
min:  68.0611
max:  92.2504
lenTimeSeries =  199
191 ----------------------------------------------
[0.005235602094240838, 0, 0, 0, 0, 0, 0, 0, 0, 0, 0, 0]
--------------------------------------out23012018_csv/interpKind_cubic-Epsilon_0.0085-Lamb_3/--------------------------------------
--------------------------------------out23012018_csv/interpKind_cubic-Epsilon_0.0085-Lamb_3/rqa_shape_3-file_RBA-3P_RBA-3P.csv--------------------------------------
min:  80.87
max:  102.768
lenTimeSeries =  199
191 ----------------------------------------------
[0.005235602094240838, 0, 0, 0, 0, 0, 0, 0, 0, 0, 0, 0]
--------------------------------------out23012018_csv/interpKind_cubic-Epsilon_0.0085-Lamb_3/rqa_shape_3-file_RBA-6P_RBA-6P.csv--------------------------------------
--------------------------------------out23012018_csv/interpKind_cubic-Epsilon_0.0085-Lamb_3/rqa_shape_3-file_RBA-12PST4_RBA-12PST4.csv--------------------------------------
--------------------------------------out23012018_csv/interpKind_cubic-Epsilon_0.0085-Lamb_3/rqa_shape_3-file_RUBY-1X_RUBY-1X_1.csv--------------------------------------
--------------------------------------out23012018_csv/interpKind_cubic-Epsilon_0.0085-Lamb_3/rqa_shape_3-file_RUBY-4X_RUBY-4X_1.csv--------------------------------------
min:  51.981
max:  90.389
lenTimeSeries =  199
191 ----------------------------------------------
[0.005235602094240838, 0, 0, 0, 0, 0, 0, 0, 0, 0, 0, 0]
--------------------------------------out23012018_csv/interpKind_cubic-Epsilon_0.0085-Lamb_3/rqa_shape_3-file_TN-3X_TN-3X.csv--------------------------------------
min:  61.8549
max:  107.6582
lenTimeSeries =  199
191 ----------------------------------------------
[0.005838655738603656, 0.5, 0.6923076923076923, 85.63615023474179, 8.0, 2.0, 8, 2, 0.125, 0.0, 0, 0]
min:  72.9802
max:  93.698
lenTimeSeries =  199
191 ----------------------------------------------
[0.00545489432855459, 1.0, 0.6, 183.321608040201, 3.0, 2.0, 3, 2, 0.3333333333333333, 0.0, 0, 0]
min:  68.0611
max:  92.2504
lenTimeSeries =  199
191 ----------------------------------------------
[0.005235602094240838, 0, 0, 0, 0, 0, 0, 0, 0, 0, 0, 0]
--------------------------------------out23012018_csv/interpKind_cubic-Epsilon_0.005-Lamb_2/--------------------------------------
--------------------------------------out23012018_csv/interpKind_cubic-Epsilon_0.005-Lamb_2/rqa_shape_3-file_RBA-3P_RBA-3P.csv--------------------------------------
min:  80.87
max:  102.768
lenTimeSeries =  199
191 ----------------------------------------------
[0.005235602094240838, 0, 0, 0, 0, 0, 0, 0, 0, 0, 0, 0]
--------------------------------------out23012018_csv/interpKind_cubic-Epsilon_0.005-Lamb_2/rqa_shape_3-file_RBA-6P_RBA-6P.csv--------------------------------------
--------------------------------------out23012018_csv/interpKind_cubic-Epsilon_0.005-Lamb_2/rqa_shape_3-file_RBA-12PST4_RBA-12PST4.csv--------------------------------------
--------------------------------------out23012018_csv/interpKind_cubic-Epsilon_0.005-Lamb_2/rqa_shape_3-file_RUBY-1X_RUBY-1X_1.csv--------------------------------------
--------------------------------------out23012018_csv/interpKind_cubic-Epsilon_0.005-Lamb_2/rqa_shape_3-file_RUBY-4X_RUBY-4X_1.csv--------------------------------------
min:  51.981
max:  90.389
lenTimeSeries =  199
191 ----------------------------------------------
[0.005235602094240838, 0, 0, 0, 0, 0, 0, 0, 0, 0, 0, 0]
--------------------------------------out23012018_csv/interpKind_cubic-Epsilon_0.005-Lamb_2/rqa_shape_3-file_TN-3X_TN-3X.csv--------------------------------------
min:  61.8549
max:  107.6582
lenTimeSeries =  199
191 ----------------------------------------------
[0.005290425152819276, 0, 1.0, 0, 0, 1.0, 0, 1, 0, 0, 0, 0]
min:  72.9802
max:  93.698
lenTimeSeries =  199
191 ----------------------------------------------
[0.005235602094240838, 0, 0, 0, 0, 0, 0, 0, 0, 0, 0, 0]
min:  68.0611
max:  92.2504
lenTimeSeries =  199
191 ----------------------------------------------
[0.005235602094240838, 0, 0, 0, 0, 0, 0, 0, 0, 0, 0, 0]
--------------------------------------out23012018_csv/interpKind_cubic-Epsilon_0.005-Lamb_3/--------------------------------------
--------------------------------------out23012018_csv/interpKind_cubic-Epsilon_0.005-Lamb_3/rqa_shape_3-file_RBA-3P_RBA-3P.csv--------------------------------------
min:  80.87
max:  102.768
lenTimeSeries =  199
191 ----------------------------------------------
[0.005235602094240838, 0, 0, 0, 0, 0, 0, 0, 0, 0, 0, 0]
--------------------------------------out23012018_csv/interpKind_cubic-Epsilon_0.005-Lamb_3/rqa_shape_3-file_RBA-6P_RBA-6P.csv--------------------------------------
--------------------------------------out23012018_csv/interpKind_cubic-Epsilon_0.005-Lamb_3/rqa_shape_3-file_RBA-12PST4_RBA-12PST4.csv--------------------------------------
--------------------------------------out23012018_csv/interpKind_cubic-Epsilon_0.005-Lamb_3/rqa_shape_3-file_RUBY-1X_RUBY-1X_1.csv--------------------------------------
--------------------------------------out23012018_csv/interpKind_cubic-Epsilon_0.005-Lamb_3/rqa_shape_3-file_RUBY-4X_RUBY-4X_1.csv--------------------------------------
min:  51.981
max:  90.389
lenTimeSeries =  199
191 ----------------------------------------------
[0.005235602094240838, 0, 0, 0, 0, 0, 0, 0, 0, 0, 0, 0]
--------------------------------------out23012018_csv/interpKind_cubic-Epsilon_0.005-Lamb_3/rqa_shape_3-file_TN-3X_TN-3X.csv--------------------------------------
min:  61.8549
max:  107.6582
lenTimeSeries =  199
191 ----------------------------------------------
[0.005290425152819276, 0, 0, 0, 0, 0, 0, 1, 0, 0, 0, 0]
min:  72.9802
max:  93.698
lenTimeSeries =  199
191 ----------------------------------------------
[0.005235602094240838, 0, 0, 0, 0, 0, 0, 0, 0, 0, 0, 0]
min:  68.0611
max:  92.2504
lenTimeSeries =  199
191 ----------------------------------------------
[0.005235602094240838, 0, 0, 0, 0, 0, 0, 0, 0, 0, 0, 0]
--------------------------------------out23012018_csv/interpKind_cubic-Epsilon_0.08-Lamb_2/--------------------------------------
--------------------------------------out23012018_csv/interpKind_cubic-Epsilon_0.08-Lamb_2/rqa_shape_3-file_RBA-3P_RBA-3P.csv--------------------------------------
min:  80.87
max:  102.768
lenTimeSeries =  199
191 ----------------------------------------------
[0.013239768646692799, 1.0, 1.0, 75.53002070393374, 12.090909090909092, 2.7157894736842105, 36, 6, 0.027777777777777776, 2.2718685126965625, 70.82352941176471, 70.97058823529412]
--------------------------------------out23012018_csv/interpKind_cubic-Epsilon_0.08-Lamb_2/rqa_shape_3-file_RBA-6P_RBA-6P.csv--------------------------------------
--------------------------------------out23012018_csv/interpKind_cubic-Epsilon_0.08-Lamb_2/rqa_shape_3-file_RBA-12PST4_RBA-12PST4.csv--------------------------------------
--------------------------------------out23012018_csv/interpKind_cubic-Epsilon_0.08-Lamb_2/rqa_shape_3-file_RUBY-1X_RUBY-1X_1.csv--------------------------------------
--------------------------------------out23012018_csv/interpKind_cubic-Epsilon_0.08-Lamb_2/rqa_shape_3-file_RUBY-4X_RUBY-4X_1.csv--------------------------------------
min:  51.981
max:  90.389
lenTimeSeries =  199
191 ----------------------------------------------
[0.012252953592280914, 1.0, 1.0, 81.61297539149888, 7.466666666666667, 2.5853658536585367, 17, 6, 0.058823529411764705, 2.338371704803573, 121.27272727272727, 121.38636363636364]
--------------------------------------out23012018_csv/interpKind_cubic-Epsilon_0.08-Lamb_2/rqa_shape_3-file_TN-3X_TN-3X.csv--------------------------------------
min:  61.8549
max:  107.6582
lenTimeSeries =  199
191 ----------------------------------------------
[0.03697815301115649, 1.0, 1.0, 27.04299481097109, 9.90566037735849, 7.789115646258503, 84, 23, 0.011904761904761904, 2.7469827253782517, 9.384615384615385, 15.384615384615385]
min:  72.9802
max:  93.698
lenTimeSeries =  199
191 ----------------------------------------------
[0.011320961596447465, 1.0, 1.0, 88.3317191283293, 8.083333333333334, 5.0, 28, 12, 0.03571428571428571, 2.2538575896013526, 161.0, 161.0]
min:  68.0611
max:  92.2504
lenTimeSeries =  199
191 ----------------------------------------------
[0.014500698993996875, 1.0, 1.0, 68.96219281663515, 10.0, 2.230769230769231, 50, 8, 0.02, 2.3034884952192693, 69.875, 70.83333333333333]
--------------------------------------out23012018_csv/interpKind_cubic-Epsilon_0.08-Lamb_3/--------------------------------------
--------------------------------------out23012018_csv/interpKind_cubic-Epsilon_0.08-Lamb_3/rqa_shape_3-file_RBA-3P_RBA-3P.csv--------------------------------------
min:  80.87
max:  102.768
lenTimeSeries =  199
191 ----------------------------------------------
[0.013239768646692799, 0.9090909090909091, 0.7894736842105263, 68.66365518539432, 13.2, 3.1733333333333333, 36, 6, 0.027777777777777776, 2.1639556568820564, 70.82352941176471, 70.97058823529412]
--------------------------------------out23012018_csv/interpKind_cubic-Epsilon_0.08-Lamb_3/rqa_shape_3-file_RBA-6P_RBA-6P.csv--------------------------------------
--------------------------------------out23012018_csv/interpKind_cubic-Epsilon_0.08-Lamb_3/rqa_shape_3-file_RBA-12PST4_RBA-12PST4.csv--------------------------------------
--------------------------------------out23012018_csv/interpKind_cubic-Epsilon_0.08-Lamb_3/rqa_shape_3-file_RUBY-1X_RUBY-1X_1.csv--------------------------------------
--------------------------------------out23012018_csv/interpKind_cubic-Epsilon_0.08-Lamb_3/rqa_shape_3-file_RUBY-4X_RUBY-4X_1.csv--------------------------------------
min:  51.981
max:  90.389
lenTimeSeries =  199
191 ----------------------------------------------
[0.012252953592280914, 0.8666666666666667, 0.7926829268292683, 70.73124533929902, 8.461538461538462, 3.0, 17, 6, 0.058823529411764705, 2.2450352741261774, 121.27272727272727, 121.38636363636364]
--------------------------------------out23012018_csv/interpKind_cubic-Epsilon_0.08-Lamb_3/rqa_shape_3-file_TN-3X_TN-3X.csv--------------------------------------
min:  61.8549
max:  107.6582
lenTimeSeries =  199
191 ----------------------------------------------
[0.03697815301115649, 0.9433962264150944, 0.9251700680272109, 25.512259255633104, 10.44, 8.338235294117647, 84, 23, 0.011904761904761904, 2.681232003283931, 9.384615384615385, 15.384615384615385]
min:  72.9802
max:  93.698
lenTimeSeries =  199
191 ----------------------------------------------
[0.011320961596447465, 0.8333333333333334, 0.7619047619047619, 73.60976594027443, 9.5, 6.25, 28, 12, 0.03571428571428571, 2.1639556568820564, 161.0, 161.0]
min:  68.0611
max:  92.2504
lenTimeSeries =  199
191 ----------------------------------------------
[0.014500698993996875, 0.9333333333333333, 0.8, 64.36471329552614, 10.642857142857142, 2.5384615384615383, 50, 8, 0.02, 2.2055983590263937, 69.875, 70.83333333333333]
--------------------------------------out23012018_csv/interpKind_cubic-Epsilon_0.05-Lamb_2/--------------------------------------
--------------------------------------out23012018_csv/interpKind_cubic-Epsilon_0.05-Lamb_2/rqa_shape_3-file_RBA-3P_RBA-3P.csv--------------------------------------
min:  80.87
max:  102.768
lenTimeSeries =  199
191 ----------------------------------------------
[0.009237685370466818, 1.0, 1.0, 108.25222551928785, 13.6, 2.3214285714285716, 28, 4, 0.03571428571428571, 0.9502705392332347, 71.0, 71.0]
--------------------------------------out23012018_csv/interpKind_cubic-Epsilon_0.05-Lamb_2/rqa_shape_3-file_RBA-6P_RBA-6P.csv--------------------------------------
--------------------------------------out23012018_csv/interpKind_cubic-Epsilon_0.05-Lamb_2/rqa_shape_3-file_RBA-12PST4_RBA-12PST4.csv--------------------------------------
--------------------------------------out23012018_csv/interpKind_cubic-Epsilon_0.05-Lamb_2/rqa_shape_3-file_RUBY-1X_RUBY-1X_1.csv--------------------------------------
--------------------------------------out23012018_csv/interpKind_cubic-Epsilon_0.05-Lamb_2/rqa_shape_3-file_RUBY-4X_RUBY-4X_1.csv--------------------------------------
min:  51.981
max:  90.389
lenTimeSeries =  199
191 ----------------------------------------------
[0.007921931964584305, 1.0, 1.0, 126.2318339100346, 5.0, 1.9555555555555555, 9, 4, 0.1111111111111111, 1.7328679513998633, 136.0, 136.0]
--------------------------------------out23012018_csv/interpKind_cubic-Epsilon_0.05-Lamb_2/rqa_shape_3-file_TN-3X_TN-3X.csv--------------------------------------
min:  61.8549
max:  107.6582
lenTimeSeries =  199
191 ----------------------------------------------
[0.02234039637071352, 1.0, 1.0, 44.761963190184055, 10.107142857142858, 6.1683168316831685, 37, 16, 0.02702702702702703, 2.6511929751006442, 7.0, 12.0]
min:  72.9802
max:  93.698
lenTimeSeries =  199
191 ----------------------------------------------
[0.008360516433211809, 1.0, 1.0, 119.60983606557377, 8.333333333333334, 5.428571428571429, 19, 10, 0.05263157894736842, 1.7917594692280547, 0, 0]
min:  68.0611
max:  92.2504
lenTimeSeries =  199
191 ----------------------------------------------
[0.0074833474959567995, 1.0, 1.0, 133.63003663003664, 4.0, 2.34375, 15, 5, 0.06666666666666667, 1.3862943611198906, 49.42857142857143, 49.57142857142857]
--------------------------------------out23012018_csv/interpKind_cubic-Epsilon_0.05-Lamb_3/--------------------------------------
--------------------------------------out23012018_csv/interpKind_cubic-Epsilon_0.05-Lamb_3/rqa_shape_3-file_RBA-3P_RBA-3P.csv--------------------------------------
min:  80.87
max:  102.768
lenTimeSeries =  199
191 ----------------------------------------------
[0.009237685370466818, 1.0, 0.8928571428571429, 108.25222551928785, 13.6, 2.48, 28, 4, 0.03571428571428571, 0.9502705392332347, 71.0, 71.0]
--------------------------------------out23012018_csv/interpKind_cubic-Epsilon_0.05-Lamb_3/rqa_shape_3-file_RBA-6P_RBA-6P.csv--------------------------------------
--------------------------------------out23012018_csv/interpKind_cubic-Epsilon_0.05-Lamb_3/rqa_shape_3-file_RBA-12PST4_RBA-12PST4.csv--------------------------------------
--------------------------------------out23012018_csv/interpKind_cubic-Epsilon_0.05-Lamb_3/rqa_shape_3-file_RUBY-1X_RUBY-1X_1.csv--------------------------------------
--------------------------------------out23012018_csv/interpKind_cubic-Epsilon_0.05-Lamb_3/rqa_shape_3-file_RUBY-4X_RUBY-4X_1.csv--------------------------------------
min:  51.981
max:  90.389
lenTimeSeries =  199
191 ----------------------------------------------
[0.007921931964584305, 0.875, 0.8, 110.45285467128026, 5.571428571428571, 2.1944444444444446, 9, 4, 0.1111111111111111, 1.5498260458782016, 136.0, 136.0]
--------------------------------------out23012018_csv/interpKind_cubic-Epsilon_0.05-Lamb_3/rqa_shape_3-file_TN-3X_TN-3X.csv--------------------------------------
min:  61.8549
max:  107.6582
lenTimeSeries =  199
191 ----------------------------------------------
[0.02234039637071352, 1.0, 0.9207920792079208, 44.761963190184055, 10.107142857142858, 6.612903225806452, 37, 16, 0.02702702702702703, 2.6511929751006442, 7.0, 12.0]
min:  72.9802
max:  93.698
lenTimeSeries =  199
191 ----------------------------------------------
[0.008360516433211809, 1.0, 0.9047619047619048, 119.60983606557377, 8.333333333333334, 5.894736842105263, 19, 10, 0.05263157894736842, 1.7917594692280547, 0, 0]
min:  68.0611
max:  92.2504
lenTimeSeries =  199
191 ----------------------------------------------
[0.0074833474959567995, 0.5, 0.65625, 66.81501831501832, 7.0, 3.0476190476190474, 15, 5, 0.06666666666666667, 1.3862943611198906, 49.42857142857143, 49.57142857142857]
